###############################################################
#  Generated by:      Cadence Innovus 15.23-s045_1
#  OS:                Linux x86_64(Host ID ieng6-ece-16.ucsd.edu)
#  Generated on:      Fri Mar  7 18:05:37 2025
#  Design:            sram_160b_w16
#  Command:           verifyConnectivity
###############################################################
Verify Connectivity Report is created on Fri Mar  7 18:05:37 2025



Net FE_OCPN314_n2250, Pin FE_OCPC314_n2250/ZN: has an unconnected terminal at (128.540, 208.275) (128.675, 208.695)
Net FE_OCPN314_n2250: has regular routing with opens at (38.850, 178.110) (128.700, 237.900)
Net FE_OCPN314_n2250: dangling Wire at (128.700, 208.400) (128.700, 208.400) on layer: M1
Net FE_OCPN313_n2250, Pin FE_OCPC313_n2250/ZN: has an unconnected terminal at (126.650, 207.365) (127.065, 207.675)
Net FE_OCPN313_n2250: has regular routing with opens at (125.850, 125.880) (224.350, 237.900)
Net FE_OCPN313_n2250: dangling Wire at (127.100, 207.600) (127.100, 207.600) on layer: M1
Net FE_OCPN312_n2250, Pin FE_OCPC313_n2250/I: has an unconnected terminal at (125.150, 207.110) (125.910, 207.215)
Net FE_OCPN312_n2250, Pin FE_OCPC314_n2250/I: has an unconnected terminal at (127.350, 208.785) (127.830, 208.890)
Net FE_OCPN312_n2250: has regular routing with opens at (122.325, 192.150) (127.300, 208.600)
Net FE_OCPN312_n2250: dangling Wire at (127.300, 208.600) (127.300, 208.600) on layer: M1
Net FE_OCPN312_n2250: dangling Wire at (125.100, 207.400) (125.100, 207.400) on layer: M1
Net FE_OCPN311_n2250, Pin FE_OCPC311_n2250/ZN: has an unconnected terminal at (128.850, 111.125) (129.265, 111.435)
Net FE_OCPN311_n2250: has regular routing with opens at (42.230, 86.280) (130.570, 193.325)
Net FE_OCPN311_n2250: dangling Wire at (129.300, 111.200) (129.300, 111.200) on layer: M1
Net FE_OCPN310_n2250, Pin FE_OCPC310_n2250/ZN: has an unconnected terminal at (125.935, 106.505) (126.045, 106.925)
Net FE_OCPN310_n2250: has regular routing with opens at (126.100, 3.480) (216.970, 115.500)
Net FE_OCPN310_n2250: dangling Wire at (126.100, 106.800) (126.100, 106.800) on layer: M1
Net FE_OCPN309_n2250, Pin FE_OCPC310_n2250/I: has an unconnected terminal at (125.150, 106.260) (125.190, 106.490)
Net FE_OCPN309_n2250, Pin FE_OCPC311_n2250/I: has an unconnected terminal at (127.350, 111.585) (128.110, 111.690)
Net FE_OCPN309_n2250: has regular routing with opens at (125.100, 102.150) (128.955, 111.400)
Net FE_OCPN309_n2250: dangling Wire at (125.100, 106.600) (125.100, 106.600) on layer: M1
Net FE_OCPN309_n2250: dangling Wire at (127.300, 111.400) (127.300, 111.400) on layer: M1
Net FE_OCPN306_n2250, Pin FE_RC_9_0/Z: has an unconnected terminal at (6.035, 106.505) (6.065, 106.925)
Net FE_OCPN306_n2250: has regular routing with opens at (5.250, 96.675) (17.150, 106.000)
Net FE_OCPN306_n2250: dangling Wire at (6.500, 106.000) (6.500, 106.000) on layer: M1
Net FE_OCPN305_n1714, Pin FE_OCPC305_n1714/Z: has an unconnected terminal at (3.820, 103.910) (3.950, 105.090)
Net FE_OCPN305_n1714: has regular routing with opens at (2.760, 100.710) (7.955, 103.600)
Net FE_OCPN305_n1714: dangling Wire at (4.700, 103.600) (4.700, 103.600) on layer: M2
Net FE_OFN296_n1694, Pin FE_OFC296_n1694/ZN: has an unconnected terminal at (184.955, 150.675) (185.080, 151.870)
Net FE_OFN296_n1694: has regular routing with opens at (185.700, 149.310) (212.350, 236.120)
Net FE_OFN296_n1694: dangling Wire at (185.700, 150.800) (185.700, 150.800) on layer: M1
Net FE_OFN290_n1694, Pin FE_OFC296_n1694/I: has an unconnected terminal at (185.810, 151.110) (185.850, 151.340)
Net FE_OFN290_n1694: has regular routing with opens at (185.745, 147.075) (186.500, 151.200)
Net FE_OFN290_n1694: dangling Wire at (186.500, 151.200) (186.500, 151.200) on layer: M1
Net FE_OFN286_n1694, Pin FE_OFC201_n1694/I: has an unconnected terminal at (73.250, 197.910) (73.550, 198.090)
Net FE_OFN286_n1694: has regular routing with opens at (53.635, 107.510) (78.705, 198.290)
Net FE_OFN286_n1694: dangling Wire at (74.500, 198.000) (74.500, 198.000) on layer: M1
Net FE_OFN281_n2244, Pin FE_OFC281_n2244/Z: has an unconnected terminal at (102.650, 185.250) (102.775, 185.840)
Net FE_OFN281_n2244: has regular routing with opens at (97.035, 185.800) (159.360, 223.490)
Net FE_OFN281_n2244: dangling Wire at (103.100, 185.800) (103.100, 185.800) on layer: M1
Net FE_OFN279_n2244, Pin FE_OFC145_n2244/I: has an unconnected terminal at (237.405, 104.310) (237.450, 104.540)
Net FE_OFN279_n2244: has regular routing with opens at (181.035, 25.080) (238.350, 126.675)
Net FE_OFN279_n2244: dangling Wire at (238.100, 104.400) (238.100, 104.400) on layer: M1
Net FE_OFN278_n2244, Pin FE_OFC278_n2244/Z: has an unconnected terminal at (179.250, 175.940) (179.350, 176.190)
Net FE_OFN278_n2244: has regular routing with opens at (177.035, 167.310) (229.150, 218.120)
Net FE_OFN278_n2244: dangling Wire at (179.300, 176.200) (179.300, 176.200) on layer: M1
Net FE_OFN275_n2244, Pin FE_OFC275_n2244/Z: has an unconnected terminal at (51.850, 129.360) (51.975, 129.950)
Net FE_OFN275_n2244: has regular routing with opens at (31.250, 127.710) (52.300, 221.720)
Net FE_OFN275_n2244: dangling Wire at (52.300, 129.400) (52.300, 129.400) on layer: M1
Net FE_OFN274_n2244, Pin FE_OFC274_n2244/Z: has an unconnected terminal at (71.425, 70.050) (71.550, 70.640)
Net FE_OFN274_n2244: has regular routing with opens at (70.440, 39.480) (101.360, 77.720)
Net FE_OFN274_n2244: dangling Wire at (71.100, 70.800) (71.100, 70.800) on layer: M1
Net FE_OFN271_n2249, Pin U2143/A1: has an unconnected terminal at (215.050, 34.110) (215.165, 34.520)
Net FE_OFN271_n2249: has regular routing with opens at (146.050, 10.680) (215.500, 110.120)
Net FE_OFN271_n2249: dangling Wire at (215.500, 34.400) (215.500, 34.400) on layer: M1
Net FE_OFN269_n2249, Pin U2809/A1: has an unconnected terminal at (149.450, 179.900) (149.750, 180.090)
Net FE_OFN269_n2249: has regular routing with opens at (53.650, 62.910) (217.550, 236.120)
Net FE_OFN269_n2249: dangling Wire at (148.900, 180.000) (148.900, 180.000) on layer: M1
Net FE_OFN266_n2249, Pin U3565/A1: has an unconnected terminal at (4.835, 14.280) (4.950, 14.690)
Net FE_OFN266_n2249, Pin FE_OFC266_n2249/Z: has an unconnected terminal at (10.050, 40.910) (10.175, 42.090)
Net FE_OFN266_n2249: has regular routing with opens at (4.435, 14.400) (10.500, 47.090)
Net FE_OFN266_n2249: dangling Wire at (10.500, 42.000) (10.500, 42.000) on layer: M1
Net FE_OFN266_n2249: dangling Wire at (5.500, 14.400) (5.500, 14.400) on layer: M1
Net FE_OFN265_n2249, Pin U2625/A1: has an unconnected terminal at (16.450, 207.110) (16.750, 207.300)
Net FE_OFN265_n2249: has regular routing with opens at (15.900, 103.910) (78.965, 230.690)
Net FE_OFN265_n2249: dangling Wire at (15.900, 207.200) (15.900, 207.200) on layer: M1
Net FE_OFN262_n3363, Pin FE_OFC262_n3363/ZN: has an unconnected terminal at (27.455, 118.580) (27.550, 119.110)
Net FE_OFN262_n3363: has regular routing with opens at (25.445, 50.310) (44.160, 120.890)
Net FE_OFN262_n3363: dangling Wire at (27.500, 118.400) (27.500, 118.400) on layer: M1
Net FE_OFN258_n2784, Pin FE_OFC258_n2784/Z: has an unconnected terminal at (38.050, 170.510) (38.180, 171.690)
Net FE_OFN258_n2784: has regular routing with opens at (22.650, 171.600) (38.950, 218.120)
Net FE_OFN258_n2784: dangling Wire at (38.500, 171.600) (38.500, 171.600) on layer: M1
Net FE_OFN253_n2784, Pin FE_OFC253_n2784/Z: has an unconnected terminal at (69.440, 157.875) (69.565, 159.090)
Net FE_OFN253_n2784: has regular routing with opens at (68.640, 156.510) (137.360, 221.800)
Net FE_OFN253_n2784: dangling Wire at (70.100, 158.200) (70.100, 158.200) on layer: M1
Net FE_OFN249_N125, Pin FE_OFC252_N125/I: has an unconnected terminal at (111.445, 135.060) (111.555, 135.500)
Net FE_OFN249_N125: has regular routing with opens at (110.450, 127.330) (112.070, 135.200)
Net FE_OFN249_N125: dangling Wire at (111.700, 135.200) (111.700, 135.200) on layer: M1
Net FE_OFN244_n3197, Pin FE_OFC244_n3197/Z: has an unconnected terminal at (179.225, 235.650) (179.350, 236.240)
Net FE_OFN244_n3197: has regular routing with opens at (178.900, 233.800) (204.970, 236.400)
Net FE_OFN244_n3197: dangling Wire at (178.900, 236.400) (178.900, 236.400) on layer: M1
Net FE_OFN243_n3197, Pin U2809/B1: has an unconnected terminal at (148.250, 179.900) (148.550, 180.100)
Net FE_OFN243_n3197, Pin U2625/B1: has an unconnected terminal at (15.250, 207.100) (15.550, 207.300)
Net FE_OFN243_n3197: has regular routing with opens at (14.900, 71.880) (185.570, 234.300)
Net FE_OFN243_n3197: dangling Wire at (147.900, 180.000) (147.900, 180.000) on layer: M1
Net FE_OFN243_n3197: dangling Wire at (14.900, 207.200) (14.900, 207.200) on layer: M1
Net FE_OFN242_n3197, Pin U2143/B1: has an unconnected terminal at (216.030, 34.100) (216.150, 34.520)
Net FE_OFN242_n3197: has regular routing with opens at (147.030, 10.680) (216.700, 236.090)
Net FE_OFN242_n3197: dangling Wire at (216.700, 34.400) (216.700, 34.400) on layer: M1
Net FE_OFN238_n3197, Pin U3565/B1: has an unconnected terminal at (3.850, 14.280) (3.970, 14.700)
Net FE_OFN238_n3197, Pin FE_OFC238_n3197/Z: has an unconnected terminal at (10.825, 44.850) (10.950, 45.440)
Net FE_OFN238_n3197: has regular routing with opens at (3.450, 14.400) (11.370, 47.100)
Net FE_OFN238_n3197: dangling Wire at (10.500, 45.600) (10.500, 45.600) on layer: M1
Net FE_OFN238_n3197: dangling Wire at (4.300, 14.400) (4.300, 14.400) on layer: M1
Net FE_OFN233_n2562, Pin FE_OFC233_n2562/Z: has an unconnected terminal at (56.050, 34.050) (56.175, 34.640)
Net FE_OFN233_n2562: has regular routing with opens at (26.630, 16.110) (61.750, 34.800)
Net FE_OFN233_n2562: dangling Wire at (56.500, 34.800) (56.500, 34.800) on layer: M1
Net FE_OFN227_n2892, Pin FE_OFC227_n2892/ZN: has an unconnected terminal at (14.655, 113.270) (14.750, 113.795)
Net FE_OFN227_n2892: has regular routing with opens at (12.840, 91.710) (96.560, 182.120)
Net FE_OFN227_n2892: dangling Wire at (14.700, 114.000) (14.700, 114.000) on layer: M1
Net FE_OFN220_N127, Pin FE_OFC220_N127/ZN: has an unconnected terminal at (17.120, 93.075) (17.245, 94.270)
Net FE_OFN220_N127: has regular routing with opens at (16.900, 89.910) (18.670, 93.200)
Net FE_OFN220_N127: dangling Wire at (16.900, 93.200) (16.900, 93.200) on layer: M1
Net FE_OFN218_n3358, Pin FE_OFC218_n3358/Z: has an unconnected terminal at (125.650, 118.560) (125.775, 119.150)
Net FE_OFN218_n3358: has regular routing with opens at (111.040, 115.110) (127.160, 124.490)
Net FE_OFN218_n3358: dangling Wire at (126.100, 118.400) (126.100, 118.400) on layer: M1
Net FE_OFN213_n3358, Pin FE_OFC213_n3358/Z: has an unconnected terminal at (91.650, 41.250) (91.775, 41.840)
Net FE_OFN213_n3358: has regular routing with opens at (29.245, 7.110) (92.100, 42.000)
Net FE_OFN213_n3358: dangling Wire at (92.100, 42.000) (92.100, 42.000) on layer: M1
Net FE_OFN207_n3360, Pin FE_OFC207_n3360/Z: has an unconnected terminal at (46.425, 132.960) (46.550, 133.550)
Net FE_OFN207_n3360: has regular routing with opens at (44.840, 125.910) (105.960, 218.090)
Net FE_OFN207_n3360: dangling Wire at (46.100, 132.800) (46.100, 132.800) on layer: M1
Net FE_OFN201_n1694, Pin FE_OFC201_n1694/Z: has an unconnected terminal at (72.850, 197.510) (72.975, 198.690)
Net FE_OFN201_n1694: has regular routing with opens at (65.235, 197.800) (73.565, 236.120)
Net FE_OFN201_n1694: dangling Wire at (73.300, 197.800) (73.300, 197.800) on layer: M1
Net FE_OFN200_n1694, Pin FE_OFC200_n1694/ZN: has an unconnected terminal at (17.255, 106.070) (17.350, 106.595)
Net FE_OFN200_n1694: has regular routing with opens at (3.650, 104.280) (39.960, 236.120)
Net FE_OFN200_n1694: dangling Wire at (17.300, 106.800) (17.300, 106.800) on layer: M1
Net FE_OFN193_n3361, Pin FE_OFC193_n3361/Z: has an unconnected terminal at (221.025, 183.360) (221.150, 183.950)
Net FE_OFN193_n3361: has regular routing with opens at (220.900, 174.510) (230.560, 225.290)
Net FE_OFN193_n3361: dangling Wire at (220.900, 183.600) (220.900, 183.600) on layer: M1
Net FE_OFN192_n3361, Pin FE_OFC192_n3361/Z: has an unconnected terminal at (148.050, 219.360) (148.175, 219.950)
Net FE_OFN192_n3361: has regular routing with opens at (107.040, 215.910) (153.355, 225.290)
Net FE_OFN192_n3361: dangling Wire at (148.500, 219.600) (148.500, 219.600) on layer: M1
Net FE_OFN191_n3361, Pin FE_OFC191_n3361/Z: has an unconnected terminal at (146.650, 168.710) (146.780, 169.890)
Net FE_OFN191_n3361: has regular routing with opens at (128.045, 163.710) (156.360, 173.090)
Net FE_OFN191_n3361: dangling Wire at (147.100, 168.800) (147.100, 168.800) on layer: M1
Net FE_OFN189_n3361, Pin FE_OFC189_n3361/Z: has an unconnected terminal at (222.250, 52.050) (222.375, 52.640)
Net FE_OFN189_n3361: has regular routing with opens at (217.845, 12.510) (222.700, 54.290)
Net FE_OFN189_n3361: dangling Wire at (222.700, 52.800) (222.700, 52.800) on layer: M1
Net FE_OFN188_n3361, Pin FE_OFC188_n3361/Z: has an unconnected terminal at (213.250, 84.110) (213.380, 85.290)
Net FE_OFN188_n3361: has regular routing with opens at (174.840, 82.710) (218.760, 88.490)
Net FE_OFN188_n3361: dangling Wire at (213.500, 85.000) (213.500, 85.000) on layer: M1
Net FE_OFN186_n3361, Pin FE_OFC186_n3361/Z: has an unconnected terminal at (50.225, 57.360) (50.350, 57.950)
Net FE_OFN186_n3361: has regular routing with opens at (23.245, 17.910) (69.360, 59.690)
Net FE_OFN186_n3361: dangling Wire at (50.300, 57.200) (50.300, 57.200) on layer: M1
Net FE_OFN168_N129, Pin FE_OFC168_N129/Z: has an unconnected terminal at (19.850, 88.050) (19.975, 88.640)
Net FE_OFN168_N129: has regular routing with opens at (15.245, 17.910) (72.160, 88.800)
Net FE_OFN168_N129: dangling Wire at (20.300, 88.800) (20.300, 88.800) on layer: M1
Net FE_OFN157_N133, Pin FE_OFC157_N133/Z: has an unconnected terminal at (125.850, 41.250) (125.975, 41.840)
Net FE_OFN157_N133: has regular routing with opens at (77.040, 16.110) (126.300, 42.000)
Net FE_OFN157_N133: dangling Wire at (126.300, 42.000) (126.300, 42.000) on layer: M1
Net FE_OFN144_n2244, Pin FE_OFC275_n2244/I: has an unconnected terminal at (52.635, 129.510) (52.955, 129.690)
Net FE_OFN144_n2244, Pin FE_OFC281_n2244/I: has an unconnected terminal at (103.435, 185.510) (103.755, 185.690)
Net FE_OFN144_n2244: has regular routing with opens at (36.640, 68.310) (211.560, 185.720)
Net FE_OFN144_n2244: dangling Wire at (53.500, 129.600) (53.500, 129.600) on layer: M1
Net FE_OFN144_n2244: dangling Wire at (104.300, 185.600) (104.300, 185.600) on layer: M1
Net FE_OFN138_n3361, Pin FE_OFC188_n3361/I: has an unconnected terminal at (213.820, 84.660) (213.850, 84.890)
Net FE_OFN138_n3361, Pin FE_OFC191_n3361/I: has an unconnected terminal at (147.220, 169.110) (147.250, 169.340)
Net FE_OFN138_n3361: has regular routing with opens at (34.125, 17.910) (224.155, 225.290)
Net FE_OFN138_n3361: dangling Wire at (214.300, 84.800) (214.300, 84.800) on layer: M1
Net FE_OFN138_n3361: dangling Wire at (147.700, 169.200) (147.700, 169.200) on layer: M1
Net FE_OFN137_n3361, Pin FE_OFC137_n3361/ZN: has an unconnected terminal at (35.260, 121.890) (35.460, 122.040)
Net FE_OFN137_n3361: has regular routing with opens at (35.240, 113.310) (168.560, 219.890)
Net FE_OFN137_n3361: dangling Wire at (35.500, 122.000) (35.500, 122.000) on layer: M1
Net FE_OFN136_n3361, Pin FE_OFC137_n3361/I: has an unconnected terminal at (34.645, 122.100) (34.755, 122.540)
Net FE_OFN136_n3361: has regular routing with opens at (11.595, 118.275) (34.870, 122.200)
Net FE_OFN136_n3361: dangling Wire at (34.500, 122.200) (34.500, 122.200) on layer: M1
Net FE_OFN134_n2784, Pin FE_OFC258_n2784/I: has an unconnected terminal at (38.620, 171.060) (38.650, 171.290)
Net FE_OFN134_n2784: has regular routing with opens at (29.900, 53.910) (105.470, 171.200)
Net FE_OFN134_n2784: dangling Wire at (39.100, 171.200) (39.100, 171.200) on layer: M1
Net FE_OFN131_N121, Pin FE_OFC131_N121/ZN: has an unconnected terminal at (21.255, 127.690) (21.350, 128.220)
Net FE_OFN131_N121, Pin FE_OFC195_N121/I: has an unconnected terminal at (20.645, 125.710) (20.755, 126.120)
Net FE_OFN131_N121: has regular routing with opens at (21.300, 126.000) (23.390, 128.400)
Net FE_OFN131_N121: dangling Wire at (21.300, 128.400) (21.300, 128.400) on layer: M1
Net FE_OFN131_N121: dangling Wire at (21.500, 126.000) (21.500, 126.000) on layer: M1
Net FE_OFN130_N121, Pin FE_OFC130_N121/ZN: has an unconnected terminal at (17.655, 127.690) (17.750, 128.220)
Net FE_OFN130_N121: has regular routing with opens at (17.700, 127.870) (20.985, 131.690)
Net FE_OFN130_N121: dangling Wire at (17.700, 128.400) (17.700, 128.400) on layer: M1
Net FE_OFN128_N141, Pin FE_OFC128_N141/ZN: has an unconnected terminal at (32.055, 127.690) (32.150, 128.220)
Net FE_OFN128_N141: has regular routing with opens at (32.100, 127.710) (34.590, 128.400)
Net FE_OFN128_N141: dangling Wire at (32.100, 128.400) (32.100, 128.400) on layer: M1
Net FE_OFN124_N129, Pin FE_OFC124_N129/ZN: has an unconnected terminal at (11.850, 122.180) (11.945, 122.710)
Net FE_OFN124_N129: has regular routing with opens at (11.210, 122.000) (11.900, 122.690)
Net FE_OFN124_N129: dangling Wire at (11.900, 122.000) (11.900, 122.000) on layer: M1
Net FE_OFN120_n2249, Pin FE_OFC266_n2249/I: has an unconnected terminal at (10.450, 41.510) (10.750, 41.690)
Net FE_OFN120_n2249: has regular routing with opens at (2.650, 21.510) (137.360, 104.520)
Net FE_OFN120_n2249: dangling Wire at (11.100, 41.600) (11.100, 41.600) on layer: M1
Net FE_OFN119_n1796, Pin U3624/A1: has an unconnected terminal at (224.250, 160.310) (224.550, 160.500)
Net FE_OFN119_n1796: has regular routing with opens at (4.050, 3.480) (223.700, 238.000)
Net FE_OFN119_n1796: dangling Wire at (223.700, 160.400) (223.700, 160.400) on layer: M1
Net FE_OFN113_n3362, Pin FE_OFC113_n3362/ZN: has an unconnected terminal at (30.650, 125.535) (30.875, 125.795)
Net FE_OFN113_n3362: has regular routing with opens at (30.900, 109.710) (229.160, 228.890)
Net FE_OFN113_n3362: dangling Wire at (30.900, 125.600) (30.900, 125.600) on layer: M1
Net FE_OFN112_n3362, Pin FE_OFC113_n3362/I: has an unconnected terminal at (29.950, 125.910) (29.990, 126.120)
Net FE_OFN112_n3362: has regular routing with opens at (25.395, 121.875) (30.670, 125.800)
Net FE_OFN112_n3362: dangling Wire at (29.900, 125.800) (29.900, 125.800) on layer: M1
Net FE_OFN107_n3197, Pin FE_OFC240_n3197/I: has an unconnected terminal at (145.245, 34.260) (145.355, 34.700)
Net FE_OFN107_n3197: has regular routing with opens at (4.650, 21.510) (146.770, 96.200)
Net FE_OFN107_n3197: dangling Wire at (145.100, 34.400) (145.100, 34.400) on layer: M1
Net FE_OFN102_N131, Pin FE_OFC102_N131/ZN: has an unconnected terminal at (7.850, 131.290) (7.945, 131.820)
Net FE_OFN102_N131: has regular routing with opens at (2.845, 127.710) (23.160, 180.290)
Net FE_OFN102_N131: dangling Wire at (7.900, 132.000) (7.900, 132.000) on layer: M1
Net Q[158], Pin U3609/ZN: has an unconnected terminal at (28.150, 72.215) (28.665, 72.315)
Net Q[158]: has regular routing with opens at (28.900, 72.400) (58.550, 241.400)
Net Q[158]: dangling Wire at (28.900, 72.400) (28.900, 72.400) on layer: M1
Net Q[156], Pin U3588/ZN: has an unconnected terminal at (58.635, 64.350) (58.725, 65.140)
Net Q[156]: has regular routing with opens at (59.100, 65.200) (60.150, 241.400)
Net Q[156]: dangling Wire at (59.100, 65.200) (59.100, 65.200) on layer: M1
Net Q[155], Pin U3579/ZN: has an unconnected terminal at (28.950, 79.415) (29.465, 79.515)
Net Q[155]: has regular routing with opens at (29.700, 79.600) (60.950, 241.400)
Net Q[155]: dangling Wire at (29.700, 79.600) (29.700, 79.600) on layer: M1
Net Q[152], Pin U3552/ZN: has an unconnected terminal at (33.950, 88.085) (34.465, 88.185)
Net Q[152]: has regular routing with opens at (34.700, 88.000) (63.350, 241.400)
Net Q[152]: dangling Wire at (34.700, 88.000) (34.700, 88.000) on layer: M1
Net Q[151], Pin U3542/ZN: has an unconnected terminal at (49.350, 95.145) (49.865, 95.255)
Net Q[151]: has regular routing with opens at (49.900, 95.200) (64.150, 241.400)
Net Q[151]: dangling Wire at (50.100, 95.200) (50.100, 95.200) on layer: M1
Net Q[149], Pin U3522/ZN: has an unconnected terminal at (58.550, 108.345) (59.065, 108.455)
Net Q[149]: has regular routing with opens at (59.300, 108.400) (65.750, 241.400)
Net Q[149]: dangling Wire at (59.300, 108.400) (59.300, 108.400) on layer: M1
Net Q[147], Pin U3503/ZN: has an unconnected terminal at (31.350, 98.885) (31.865, 98.985)
Net Q[147]: has regular routing with opens at (32.100, 98.800) (67.350, 241.400)
Net Q[147]: dangling Wire at (32.100, 98.800) (32.100, 98.800) on layer: M1
Net Q[144], Pin U3472/ZN: has an unconnected terminal at (29.050, 52.000) (29.150, 52.895)
Net Q[144]: has regular routing with opens at (28.700, 52.000) (69.750, 241.400)
Net Q[144]: dangling Wire at (28.700, 52.000) (28.700, 52.000) on layer: M1
Net Q[129], Pin U3464/ZN: has an unconnected terminal at (44.075, 37.660) (44.165, 38.450)
Net Q[129]: has regular routing with opens at (45.900, 37.600) (81.750, 241.400)
Net Q[129]: dangling Wire at (45.900, 37.600) (45.900, 37.600) on layer: M1
Net Q[127], Pin U3446/ZN: has an unconnected terminal at (57.275, 23.260) (57.365, 24.050)
Net Q[127]: has regular routing with opens at (59.100, 23.200) (83.350, 241.400)
Net Q[127]: dangling Wire at (59.100, 23.200) (59.100, 23.200) on layer: M1
Net Q[126], Pin U3435/ZN: has an unconnected terminal at (81.750, 149.145) (82.265, 149.255)
Net Q[126]: has regular routing with opens at (82.500, 149.200) (84.150, 241.400)
Net Q[126]: dangling Wire at (82.500, 149.200) (82.500, 149.200) on layer: M1
Net Q[125], Pin U3426/ZN: has an unconnected terminal at (80.250, 89.505) (80.350, 90.400)
Net Q[125]: has regular routing with opens at (79.900, 90.400) (84.950, 241.400)
Net Q[125]: dangling Wire at (79.900, 90.400) (79.900, 90.400) on layer: M1
Net Q[124], Pin U3418/ZN: has an unconnected terminal at (82.835, 35.550) (82.925, 36.340)
Net Q[124]: has regular routing with opens at (83.300, 36.400) (85.750, 241.400)
Net Q[124]: dangling Wire at (83.300, 36.400) (83.300, 36.400) on layer: M1
Net Q[118], Pin U3358/ZN: has an unconnected terminal at (43.150, 176.745) (43.665, 176.855)
Net Q[118]: has regular routing with opens at (44.100, 176.800) (90.550, 241.400)
Net Q[118]: dangling Wire at (44.100, 176.800) (44.100, 176.800) on layer: M1
Net Q[104], Pin U2393/ZN: has an unconnected terminal at (103.335, 95.145) (103.850, 95.255)
Net Q[104]: has regular routing with opens at (101.650, 95.200) (103.300, 241.400)
Net Q[104]: dangling Wire at (103.300, 95.200) (103.300, 95.200) on layer: M1
Net Q[71], Pin U1825/ZN: has an unconnected terminal at (127.550, 152.745) (128.065, 152.855)
Net Q[71]: has regular routing with opens at (128.050, 152.800) (128.500, 241.400)
Net Q[71]: dangling Wire at (128.300, 152.800) (128.300, 152.800) on layer: M1
Net Q[67], Pin U2680/ZN: has an unconnected terminal at (143.045, 215.490) (143.155, 216.350)
Net Q[67]: has regular routing with opens at (131.250, 216.400) (142.900, 241.400)
Net Q[67]: dangling Wire at (142.900, 216.400) (142.900, 216.400) on layer: M1
Net Q[64], Pin U2792/ZN: has an unconnected terminal at (134.850, 160.000) (134.950, 160.895)
Net Q[64]: has regular routing with opens at (133.650, 160.000) (134.500, 241.400)
Net Q[64]: dangling Wire at (134.500, 160.000) (134.500, 160.000) on layer: M1
Net Q[62], Pin U2783/ZN: has an unconnected terminal at (169.735, 149.145) (170.250, 149.255)
Net Q[62]: has regular routing with opens at (135.250, 149.200) (169.700, 241.400)
Net Q[62]: dangling Wire at (169.700, 149.200) (169.700, 149.200) on layer: M1
Net Q[58], Pin U2822/ZN: has an unconnected terminal at (191.535, 201.945) (192.050, 202.055)
Net Q[58]: has regular routing with opens at (138.450, 202.000) (191.500, 241.400)
Net Q[58]: dangling Wire at (191.500, 202.000) (191.500, 202.000) on layer: M1
Net Q[52], Pin U2879/ZN: has an unconnected terminal at (193.835, 215.550) (193.925, 216.340)
Net Q[52]: has regular routing with opens at (143.250, 216.400) (194.300, 241.400)
Net Q[52]: dangling Wire at (194.300, 216.400) (194.300, 216.400) on layer: M1
Net Q[49], Pin U3069/ZN: has an unconnected terminal at (149.735, 115.545) (150.250, 115.655)
Net Q[49]: has regular routing with opens at (145.650, 115.600) (149.900, 241.400)
Net Q[49]: dangling Wire at (149.700, 115.600) (149.700, 115.600) on layer: M1
Net Q[30], Pin U3213/ZN: has an unconnected terminal at (159.835, 37.660) (159.925, 38.450)
Net Q[30]: has regular routing with opens at (160.300, 37.600) (160.950, 241.400)
Net Q[30]: dangling Wire at (160.300, 37.600) (160.300, 37.600) on layer: M1
Net Q[19], Pin U2982/ZN: has an unconnected terminal at (213.150, 181.545) (213.665, 181.655)
Net Q[19]: has regular routing with opens at (169.650, 181.600) (214.100, 241.400)
Net Q[19]: dangling Wire at (214.100, 181.600) (214.100, 181.600) on layer: M1
Net Q[7], Pin U3644/ZN: has an unconnected terminal at (188.675, 17.550) (188.765, 18.340)
Net Q[7]: has regular routing with opens at (179.250, 18.400) (188.900, 241.400)
Net Q[7]: dangling Wire at (188.900, 18.400) (188.900, 18.400) on layer: M1
Net A[1], Pin U1914/A1: has an unconnected terminal at (12.240, 120.670) (12.355, 121.090)
Net A[1]: has regular routing with opens at (0.000, 118.510) (10.900, 121.000)
Net A[1]: dangling Wire at (10.900, 121.000) (10.900, 121.000) on layer: M1
Net N141, Pin U1827/ZN: has an unconnected terminal at (10.450, 120.260) (10.550, 121.090)
Net N141: has regular routing with opens at (11.100, 121.000) (31.785, 128.290)
Net N141: dangling Wire at (11.100, 121.000) (11.100, 121.000) on layer: M1
Net n1709, Pin U2239/ZN: has an unconnected terminal at (34.855, 190.450) (34.950, 191.300)
Net n1709: has regular routing with opens at (33.250, 191.200) (34.500, 194.690)
Net n1709: dangling Wire at (34.500, 191.200) (34.500, 191.200) on layer: M1
Net n1711, Pin U2249/A1: has an unconnected terminal at (7.350, 111.580) (7.510, 111.690)
Net n1711: has regular routing with opens at (6.500, 111.400) (11.750, 114.065)
Net n1711: dangling Wire at (6.500, 111.400) (6.500, 111.400) on layer: M1
Net n1714, Pin FE_RC_9_0/A1: has an unconnected terminal at (4.630, 106.100) (4.750, 106.500)
Net n1714: has regular routing with opens at (3.250, 104.310) (8.050, 112.290)
Net n1714: dangling Wire at (4.100, 106.000) (4.100, 106.000) on layer: M1
Net n1717, Pin FE_RC_9_0/A2: has an unconnected terminal at (5.040, 105.700) (5.150, 106.490)
Net n1717: has regular routing with opens at (1.935, 104.310) (24.555, 106.670)
Net n1717: dangling Wire at (4.700, 106.400) (4.700, 106.400) on layer: M1
Net n1719, Pin U1928/A4: has an unconnected terminal at (12.450, 196.110) (12.550, 196.525)
Net n1719: has regular routing with opens at (4.850, 195.855) (12.700, 196.925)
Net n1719: dangling Wire at (12.700, 196.400) (12.700, 196.400) on layer: M1
Net n1720, Pin U1928/A3: has an unconnected terminal at (12.780, 196.275) (12.850, 196.520)
Net n1720: has regular routing with opens at (10.450, 185.055) (13.100, 196.400)
Net n1720: dangling Wire at (13.100, 196.400) (13.100, 196.400) on layer: M1
Net n1721, Pin U1928/A2: has an unconnected terminal at (13.045, 196.110) (13.155, 196.520)
Net n1721: has regular routing with opens at (13.300, 181.455) (15.550, 196.400)
Net n1721: dangling Wire at (13.300, 196.400) (13.300, 196.400) on layer: M1
Net n1722, Pin U1928/A1: has an unconnected terminal at (13.250, 196.110) (13.350, 196.520)
Net n1722: has regular routing with opens at (13.700, 192.310) (17.950, 196.400)
Net n1722: dangling Wire at (13.700, 196.400) (13.700, 196.400) on layer: M1
Net n1723, Pin U1928/Z: has an unconnected terminal at (12.050, 195.710) (12.175, 196.925)
Net n1723: has regular routing with opens at (12.300, 195.905) (33.550, 197.000)
Net n1723: dangling Wire at (12.300, 196.800) (12.300, 196.800) on layer: M1
Net n1742, Pin U2276/A1: has an unconnected terminal at (175.050, 201.480) (175.150, 201.890)
Net n1742: has regular routing with opens at (172.050, 199.510) (174.900, 201.600)
Net n1742: dangling Wire at (174.900, 201.600) (174.900, 201.600) on layer: M1
Net n1749, Pin U2285/A4: has an unconnected terminal at (148.450, 210.510) (148.550, 210.925)
Net n1749: has regular routing with opens at (148.700, 199.510) (150.350, 210.800)
Net n1749: dangling Wire at (148.700, 210.800) (148.700, 210.800) on layer: M1
Net n1750, Pin U2285/A3: has an unconnected terminal at (148.780, 210.675) (148.850, 210.920)
Net n1750, Pin U2191/ZN: has an unconnected terminal at (155.840, 206.710) (155.950, 207.540)
Net n1750: has regular routing with opens at (149.100, 207.600) (154.900, 210.800)
Net n1750: dangling Wire at (154.700, 207.600) (154.700, 207.600) on layer: M1
Net n1750: dangling Wire at (149.100, 210.800) (149.100, 210.800) on layer: M1
Net n1751, Pin U2285/A2: has an unconnected terminal at (149.045, 210.510) (149.155, 210.920)
Net n1751: has regular routing with opens at (136.650, 201.260) (149.300, 210.800)
Net n1751: dangling Wire at (149.300, 210.800) (149.300, 210.800) on layer: M1
Net n1752, Pin U2285/A1: has an unconnected terminal at (149.250, 210.510) (149.350, 210.920)
Net n1752: has regular routing with opens at (148.450, 210.800) (149.750, 212.890)
Net n1752: dangling Wire at (149.700, 210.800) (149.700, 210.800) on layer: M1
Net n1753, Pin U2285/Z: has an unconnected terminal at (148.050, 210.110) (148.175, 211.325)
Net n1753: has regular routing with opens at (146.850, 211.200) (148.300, 227.490)
Net n1753: dangling Wire at (148.300, 211.200) (148.300, 211.200) on layer: M1
Net n1759, Pin U2295/A4: has an unconnected terminal at (157.450, 201.475) (157.550, 201.890)
Net n1759: has regular routing with opens at (156.850, 199.510) (158.150, 201.600)
Net n1759: dangling Wire at (157.700, 201.600) (157.700, 201.600) on layer: M1
Net n1760, Pin U2295/A3: has an unconnected terminal at (157.780, 201.480) (157.850, 201.725)
Net n1760: has regular routing with opens at (157.250, 188.710) (158.550, 201.600)
Net n1760: dangling Wire at (158.100, 201.600) (158.100, 201.600) on layer: M1
Net n1761, Pin U2295/A2: has an unconnected terminal at (158.045, 201.480) (158.155, 201.890)
Net n1761: has regular routing with opens at (158.300, 201.260) (166.350, 202.090)
Net n1761: dangling Wire at (158.300, 201.600) (158.300, 201.600) on layer: M1
Net n1762, Pin U2295/A1: has an unconnected terminal at (158.250, 201.480) (158.350, 201.890)
Net n1762: has regular routing with opens at (158.700, 197.660) (162.750, 201.600)
Net n1762: dangling Wire at (158.700, 201.600) (158.700, 201.600) on layer: M1
Net n1763, Pin U2295/Z: has an unconnected terminal at (157.050, 201.075) (157.175, 202.290)
Net n1763: has regular routing with opens at (156.450, 201.200) (157.750, 227.490)
Net n1763: dangling Wire at (157.300, 201.200) (157.300, 201.200) on layer: M1
Net n1780, Pin U2314/A1: has an unconnected terminal at (104.050, 226.680) (104.150, 227.090)
Net n1780: has regular routing with opens at (90.450, 226.800) (104.500, 229.140)
Net n1780: dangling Wire at (104.500, 226.800) (104.500, 226.800) on layer: M1
Net n1782, Pin U2314/A3: has an unconnected terminal at (104.550, 226.680) (104.620, 226.925)
Net n1782: has regular routing with opens at (102.850, 224.710) (104.150, 226.800)
Net n1782: dangling Wire at (104.100, 226.800) (104.100, 226.800) on layer: M1
Net n1786, Pin U1914/A2: has an unconnected terminal at (11.850, 120.710) (12.150, 120.890)
Net n1786: has regular routing with opens at (11.300, 118.275) (14.150, 120.890)
Net n1786: dangling Wire at (11.300, 120.800) (11.300, 120.800) on layer: M1
Net n1806, Pin U2334/ZN: has an unconnected terminal at (64.250, 134.700) (64.345, 135.550)
Net n1806: has regular routing with opens at (50.450, 134.800) (64.700, 135.600)
Net n1806: dangling Wire at (64.700, 134.800) (64.700, 134.800) on layer: M1
Net n1810, Pin U1924/A1: has an unconnected terminal at (23.650, 138.510) (23.750, 138.920)
Net n1810: has regular routing with opens at (17.450, 138.310) (23.500, 139.100)
Net n1810: dangling Wire at (23.500, 138.800) (23.500, 138.800) on layer: M1
Net n1836, Pin U2364/ZN: has an unconnected terminal at (86.055, 168.850) (86.150, 169.700)
Net n1836: has regular routing with opens at (85.450, 167.200) (85.700, 169.600)
Net n1836: dangling Wire at (85.700, 169.600) (85.700, 169.600) on layer: M1
Net n1858, Pin U2391/ZN: has an unconnected terminal at (100.050, 93.260) (100.160, 94.090)
Net n1858: has regular routing with opens at (101.300, 93.200) (106.350, 95.720)
Net n1858: dangling Wire at (101.300, 93.200) (101.300, 93.200) on layer: M1
Net n1861, Pin U2393/A2: has an unconnected terminal at (103.050, 94.910) (103.150, 95.615)
Net n1861: has regular routing with opens at (104.500, 94.910) (105.575, 96.125)
Net n1861: dangling Wire at (104.500, 95.600) (104.500, 95.600) on layer: M1
Net n1862, Pin U2393/A1: has an unconnected terminal at (103.450, 95.510) (103.750, 95.690)
Net n1862: has regular routing with opens at (104.100, 85.875) (105.375, 95.800)
Net n1862: dangling Wire at (104.100, 95.800) (104.100, 95.800) on layer: M1
Net n1868, Pin U2398/ZN: has an unconnected terminal at (86.650, 102.310) (86.760, 103.140)
Net n1868: has regular routing with opens at (87.900, 103.200) (92.820, 106.520)
Net n1868: dangling Wire at (87.900, 103.200) (87.900, 103.200) on layer: M1
Net n1873, Pin U2404/A4: has an unconnected terminal at (114.850, 48.510) (114.950, 48.925)
Net n1873: has regular routing with opens at (115.100, 48.800) (123.350, 50.890)
Net n1873: dangling Wire at (115.100, 48.800) (115.100, 48.800) on layer: M1
Net n1874, Pin U2404/A3: has an unconnected terminal at (115.180, 48.675) (115.250, 48.920)
Net n1874: has regular routing with opens at (113.050, 32.060) (115.500, 48.800)
Net n1874: dangling Wire at (115.500, 48.800) (115.500, 48.800) on layer: M1
Net n1875, Pin U2404/A2: has an unconnected terminal at (115.445, 48.510) (115.555, 48.920)
Net n1875: has regular routing with opens at (115.700, 48.255) (118.950, 49.325)
Net n1875: dangling Wire at (115.700, 48.800) (115.700, 48.800) on layer: M1
Net n1876, Pin U2404/A1: has an unconnected terminal at (115.650, 48.510) (115.750, 48.920)
Net n1876, Pin U2401/ZN: has an unconnected terminal at (115.850, 53.650) (115.945, 54.500)
Net n1876: has regular routing with opens at (116.100, 48.400) (116.300, 54.400)
Net n1876: dangling Wire at (116.300, 54.400) (116.300, 54.400) on layer: M1
Net n1876: dangling Wire at (116.100, 48.800) (116.100, 48.800) on layer: M1
Net n1880, Pin U2405/ZN: has an unconnected terminal at (112.855, 53.650) (112.950, 54.500)
Net n1880: has regular routing with opens at (112.500, 46.680) (114.410, 54.400)
Net n1880: dangling Wire at (112.500, 54.400) (112.500, 54.400) on layer: M1
Net n1882, Pin U2404/Z: has an unconnected terminal at (114.450, 48.110) (114.575, 49.325)
Net n1882: has regular routing with opens at (112.290, 49.200) (114.700, 50.690)
Net n1882: dangling Wire at (114.700, 49.200) (114.700, 49.200) on layer: M1
Net n1886, Pin U2409/ZN: has an unconnected terminal at (34.055, 183.250) (34.150, 184.100)
Net n1886: has regular routing with opens at (31.250, 184.000) (33.700, 185.690)
Net n1886: dangling Wire at (33.700, 184.000) (33.700, 184.000) on layer: M1
Net n1910, Pin U2430/ZN: has an unconnected terminal at (104.250, 26.700) (104.345, 27.550)
Net n1910: has regular routing with opens at (102.250, 26.800) (104.700, 27.320)
Net n1910: dangling Wire at (104.700, 26.800) (104.700, 26.800) on layer: M1
Net n1916, Pin U2434/ZN: has an unconnected terminal at (37.055, 197.650) (37.150, 198.500)
Net n1916: has regular routing with opens at (36.700, 198.400) (37.150, 200.090)
Net n1916: dangling Wire at (36.700, 198.400) (36.700, 198.400) on layer: M1
Net n1918, Pin U2439/ZN: has an unconnected terminal at (51.440, 194.060) (51.550, 194.890)
Net n1918: has regular routing with opens at (49.580, 194.000) (50.300, 198.290)
Net n1918: dangling Wire at (50.300, 194.000) (50.300, 194.000) on layer: M1
Net n1928, Pin U2213/ZN: has an unconnected terminal at (85.640, 109.510) (85.750, 110.340)
Net n1928: has regular routing with opens at (78.850, 110.400) (84.500, 111.890)
Net n1928: dangling Wire at (84.500, 110.400) (84.500, 110.400) on layer: M1
Net n1946, Pin U2458/ZN: has an unconnected terminal at (38.455, 149.100) (38.550, 149.950)
Net n1946: has regular routing with opens at (38.100, 149.200) (42.750, 149.720)
Net n1946: dangling Wire at (38.100, 149.200) (38.100, 149.200) on layer: M1
Net n1958, Pin U2475/ZN: has an unconnected terminal at (77.840, 104.060) (77.950, 104.890)
Net n1958: has regular routing with opens at (70.780, 98.800) (76.900, 104.000)
Net n1958: dangling Wire at (76.700, 104.000) (76.700, 104.000) on layer: M1
Net n1966, Pin U2479/ZN: has an unconnected terminal at (80.855, 132.850) (80.950, 133.700)
Net n1966: has regular routing with opens at (80.500, 129.480) (81.950, 133.600)
Net n1966: dangling Wire at (80.500, 133.600) (80.500, 133.600) on layer: M1
Net n1976, Pin U2223/ZN: has an unconnected terminal at (74.055, 167.100) (74.150, 167.950)
Net n1976: has regular routing with opens at (73.700, 165.480) (75.410, 167.200)
Net n1976: dangling Wire at (73.700, 167.200) (73.700, 167.200) on layer: M1
Net n1990, Pin U2504/ZN: has an unconnected terminal at (69.255, 51.900) (69.350, 52.750)
Net n1990: has regular routing with opens at (68.900, 52.000) (72.550, 52.520)
Net n1990: dangling Wire at (68.900, 52.000) (68.900, 52.000) on layer: M1
Net n2000, Pin U2515/ZN: has an unconnected terminal at (68.850, 23.100) (68.945, 23.950)
Net n2000: has regular routing with opens at (68.790, 19.710) (69.300, 23.200)
Net n2000: dangling Wire at (69.300, 23.200) (69.300, 23.200) on layer: M1
Net n2010, Pin U2529/A1: has an unconnected terminal at (42.650, 55.710) (42.750, 56.120)
Net n2010, Pin U2525/ZN: has an unconnected terminal at (25.855, 55.500) (25.950, 56.350)
Net n2010: has regular routing with opens at (25.500, 55.600) (42.500, 56.000)
Net n2010: dangling Wire at (25.500, 55.600) (25.500, 55.600) on layer: M1
Net n2010: dangling Wire at (42.500, 56.000) (42.500, 56.000) on layer: M1
Net n2016, Pin U2531/ZN: has an unconnected terminal at (38.650, 221.100) (38.745, 221.950)
Net n2016: has regular routing with opens at (37.650, 217.710) (39.100, 221.200)
Net n2016: dangling Wire at (39.100, 221.200) (39.100, 221.200) on layer: M1
Net n2026, Pin U2541/ZN: has an unconnected terminal at (34.055, 215.650) (34.150, 216.500)
Net n2026: has regular routing with opens at (31.430, 216.400) (33.700, 218.090)
Net n2026: dangling Wire at (33.700, 216.400) (33.700, 216.400) on layer: M1
Net n2030, Pin U2546/ZN: has an unconnected terminal at (47.855, 226.450) (47.950, 227.300)
Net n2030: has regular routing with opens at (47.450, 227.200) (47.610, 230.690)
Net n2030: dangling Wire at (47.500, 227.200) (47.500, 227.200) on layer: M1
Net n2036, Pin U2552/ZN: has an unconnected terminal at (33.655, 222.850) (33.750, 223.700)
Net n2036: has regular routing with opens at (30.030, 223.600) (33.300, 225.290)
Net n2036: dangling Wire at (33.300, 223.600) (33.300, 223.600) on layer: M1
Net n2038, Pin U2558/ZN: has an unconnected terminal at (40.040, 231.910) (40.150, 232.740)
Net n2038: has regular routing with opens at (31.250, 232.100) (38.900, 232.800)
Net n2038: dangling Wire at (38.900, 232.800) (38.900, 232.800) on layer: M1
Net n2046, Pin U2562/ZN: has an unconnected terminal at (68.655, 140.050) (68.750, 140.900)
Net n2046: has regular routing with opens at (68.300, 140.800) (69.220, 144.290)
Net n2046: dangling Wire at (68.300, 140.800) (68.300, 140.800) on layer: M1
Net n2056, Pin U2573/ZN: has an unconnected terminal at (34.050, 168.850) (34.145, 169.700)
Net n2056: has regular routing with opens at (30.050, 161.910) (34.500, 169.600)
Net n2056: dangling Wire at (34.500, 169.600) (34.500, 169.600) on layer: M1
Net n2057, Pin U2580/A4: has an unconnected terminal at (10.450, 163.710) (10.550, 164.125)
Net n2057: has regular routing with opens at (6.650, 164.000) (10.900, 168.125)
Net n2057: dangling Wire at (10.700, 164.000) (10.700, 164.000) on layer: M1
Net n2058, Pin U2580/A3: has an unconnected terminal at (10.780, 163.875) (10.850, 164.120)
Net n2058: has regular routing with opens at (6.050, 161.475) (11.100, 164.000)
Net n2058: dangling Wire at (11.100, 164.000) (11.100, 164.000) on layer: M1
Net n2059, Pin U2580/A2: has an unconnected terminal at (11.045, 163.710) (11.155, 164.120)
Net n2059: has regular routing with opens at (11.300, 161.475) (13.950, 164.000)
Net n2059: dangling Wire at (11.300, 164.000) (11.300, 164.000) on layer: M1
Net n2060, Pin U2580/A1: has an unconnected terminal at (11.250, 163.710) (11.350, 164.120)
Net n2060: has regular routing with opens at (11.700, 163.510) (18.950, 164.340)
Net n2060: dangling Wire at (11.700, 164.000) (11.700, 164.000) on layer: M1
Net n2061, Pin U2580/Z: has an unconnected terminal at (10.050, 163.310) (10.175, 164.525)
Net n2061: has regular routing with opens at (10.300, 164.400) (33.230, 165.695)
Net n2061: dangling Wire at (10.300, 164.400) (10.300, 164.400) on layer: M1
Net n2066, Pin U2582/ZN: has an unconnected terminal at (52.655, 165.250) (52.750, 166.100)
Net n2066: has regular routing with opens at (51.650, 161.910) (52.300, 166.000)
Net n2066: dangling Wire at (52.300, 166.000) (52.300, 166.000) on layer: M1
Net n2080, Pin U2601/A1: has an unconnected terminal at (11.250, 21.480) (11.350, 21.920)
Net n2080: has regular routing with opens at (5.050, 21.260) (11.100, 22.090)
Net n2080: dangling Wire at (11.100, 21.600) (11.100, 21.600) on layer: M1
Net n2087, Pin U2603/ZN: has an unconnected terminal at (80.655, 213.900) (80.750, 214.750)
Net n2087: has regular routing with opens at (80.300, 214.000) (80.550, 218.120)
Net n2087: dangling Wire at (80.300, 214.000) (80.300, 214.000) on layer: M1
Net n2097, Pin U2612/ZN: has an unconnected terminal at (102.655, 188.700) (102.750, 189.550)
Net n2097: has regular routing with opens at (102.300, 188.800) (105.150, 191.090)
Net n2097: dangling Wire at (102.300, 188.800) (102.300, 188.800) on layer: M1
Net n2099, Pin U2618/ZN: has an unconnected terminal at (84.840, 194.060) (84.950, 194.890)
Net n2099: has regular routing with opens at (79.650, 192.500) (83.700, 194.200)
Net n2099: dangling Wire at (83.700, 194.000) (83.700, 194.000) on layer: M1
Net n2107, Pin U2621/ZN: has an unconnected terminal at (34.455, 206.700) (34.550, 207.550)
Net n2107: has regular routing with opens at (30.430, 205.110) (34.100, 206.800)
Net n2107: dangling Wire at (34.100, 206.800) (34.100, 206.800) on layer: M1
Net n2111, Pin U2625/ZN: has an unconnected terminal at (17.040, 206.710) (17.150, 207.500)
Net n2111: has regular routing with opens at (15.700, 206.800) (51.350, 207.320)
Net n2111: dangling Wire at (15.700, 206.800) (15.700, 206.800) on layer: M1
Net n2117, Pin U2629/ZN: has an unconnected terminal at (61.250, 215.650) (61.345, 216.500)
Net n2117: has regular routing with opens at (59.100, 216.400) (61.700, 225.290)
Net n2117: dangling Wire at (61.700, 216.400) (61.700, 216.400) on layer: M1
Net n2137, Pin U2646/ZN: has an unconnected terminal at (102.455, 168.850) (102.550, 169.700)
Net n2137: has regular routing with opens at (102.100, 167.300) (108.370, 169.600)
Net n2137: dangling Wire at (102.100, 169.600) (102.100, 169.600) on layer: M1
Net n2138, Pin U2652/A4: has an unconnected terminal at (111.050, 160.110) (111.150, 160.525)
Net n2138: has regular routing with opens at (110.050, 152.655) (111.350, 160.400)
Net n2138: dangling Wire at (111.300, 160.400) (111.300, 160.400) on layer: M1
Net n2139, Pin U2652/A3: has an unconnected terminal at (111.380, 160.275) (111.450, 160.520)
Net n2139: has regular routing with opens at (107.650, 160.200) (111.700, 162.545)
Net n2139: dangling Wire at (111.700, 160.400) (111.700, 160.400) on layer: M1
Net n2140, Pin U2652/A2: has an unconnected terminal at (111.645, 160.110) (111.755, 160.520)
Net n2140: has regular routing with opens at (109.050, 157.875) (111.900, 160.600)
Net n2140: dangling Wire at (111.900, 160.400) (111.900, 160.400) on layer: M1
Net n2141, Pin U2652/A1: has an unconnected terminal at (111.850, 160.110) (111.950, 160.520)
Net n2141: has regular routing with opens at (112.300, 160.400) (115.750, 162.490)
Net n2141: dangling Wire at (112.300, 160.400) (112.300, 160.400) on layer: M1
Net n2142, Pin U2652/Z: has an unconnected terminal at (110.650, 159.710) (110.775, 160.925)
Net n2142: has regular routing with opens at (110.250, 160.800) (111.550, 166.290)
Net n2142: dangling Wire at (110.900, 160.800) (110.900, 160.800) on layer: M1
Net n2148, Pin U2660/A4: has an unconnected terminal at (137.850, 196.110) (137.950, 196.525)
Net n2148: has regular routing with opens at (137.250, 194.060) (138.550, 196.400)
Net n2148: dangling Wire at (138.100, 196.400) (138.100, 196.400) on layer: M1
Net n2149, Pin U2660/A3: has an unconnected terminal at (138.180, 196.275) (138.250, 196.520)
Net n2149: has regular routing with opens at (138.500, 194.060) (149.950, 196.400)
Net n2149: dangling Wire at (138.500, 196.400) (138.500, 196.400) on layer: M1
Net n2150, Pin U2660/A2: has an unconnected terminal at (138.445, 196.110) (138.555, 196.520)
Net n2150: has regular routing with opens at (138.700, 195.855) (142.750, 196.925)
Net n2150: dangling Wire at (138.700, 196.400) (138.700, 196.400) on layer: M1
Net n2151, Pin U2660/A1: has an unconnected terminal at (138.650, 196.110) (138.750, 196.520)
Net n2151: has regular routing with opens at (133.250, 195.910) (139.100, 196.740)
Net n2151: dangling Wire at (139.100, 196.400) (139.100, 196.400) on layer: M1
Net n2152, Pin U2660/Z: has an unconnected terminal at (137.450, 195.710) (137.575, 196.925)
Net n2152: has regular routing with opens at (133.050, 196.800) (137.700, 212.895)
Net n2152: dangling Wire at (137.700, 196.800) (137.700, 196.800) on layer: M1
Net n2167, Pin U2675/A1: has an unconnected terminal at (163.650, 217.710) (163.750, 218.120)
Net n2167: has regular routing with opens at (163.500, 218.000) (165.150, 220.145)
Net n2167: dangling Wire at (163.500, 218.000) (163.500, 218.000) on layer: M1
Net n2168, Pin U2679/A4: has an unconnected terminal at (142.650, 208.675) (142.750, 209.120)
Net n2168: has regular routing with opens at (142.900, 204.860) (150.550, 208.800)
Net n2168: dangling Wire at (142.900, 208.800) (142.900, 208.800) on layer: M1
Net n2169, Pin U2679/A3: has an unconnected terminal at (142.980, 208.680) (143.050, 208.925)
Net n2169: has regular routing with opens at (136.850, 208.460) (143.300, 209.400)
Net n2169: dangling Wire at (143.300, 208.800) (143.300, 208.800) on layer: M1
Net n2170, Pin U2679/A2: has an unconnected terminal at (143.250, 208.680) (143.350, 209.120)
Net n2170: has regular routing with opens at (142.450, 206.710) (143.750, 208.800)
Net n2170: dangling Wire at (143.500, 208.800) (143.500, 208.800) on layer: M1
Net n2171, Pin U2679/A1: has an unconnected terminal at (143.450, 208.680) (143.550, 209.120)
Net n2171: has regular routing with opens at (143.900, 208.460) (146.350, 209.290)
Net n2171: dangling Wire at (143.900, 208.800) (143.900, 208.800) on layer: M1
Net n2172, Pin U2679/Z: has an unconnected terminal at (142.250, 208.275) (142.375, 209.490)
Net n2172: has regular routing with opens at (142.450, 208.400) (142.750, 216.090)
Net n2172: dangling Wire at (142.500, 208.400) (142.500, 208.400) on layer: M1
Net n2173, Pin U2680/A1: has an unconnected terminal at (142.840, 215.710) (142.955, 216.130)
Net n2173: has regular routing with opens at (143.100, 216.000) (164.950, 218.525)
Net n2173: dangling Wire at (143.100, 216.000) (143.100, 216.000) on layer: M1
Net n2198, Pin U2709/A4: has an unconnected terminal at (126.850, 147.475) (126.950, 147.890)
Net n2198: has regular routing with opens at (126.450, 147.400) (127.750, 155.290)
Net n2198: dangling Wire at (127.100, 147.600) (127.100, 147.600) on layer: M1
Net n2199, Pin U2709/A3: has an unconnected terminal at (127.180, 147.480) (127.250, 147.725)
Net n2199: has regular routing with opens at (126.850, 141.910) (128.150, 147.600)
Net n2199: dangling Wire at (127.500, 147.600) (127.500, 147.600) on layer: M1
Net n2200, Pin U2709/A2: has an unconnected terminal at (127.445, 147.480) (127.555, 147.890)
Net n2200: has regular routing with opens at (127.700, 147.260) (149.750, 148.090)
Net n2200: dangling Wire at (127.700, 147.600) (127.700, 147.600) on layer: M1
Net n2201, Pin U2709/A1: has an unconnected terminal at (127.650, 147.480) (127.750, 147.890)
Net n2201: has regular routing with opens at (127.050, 147.600) (128.350, 149.940)
Net n2201: dangling Wire at (128.100, 147.600) (128.100, 147.600) on layer: M1
Net n2202, Pin U2709/Z: has an unconnected terminal at (126.450, 147.075) (126.575, 148.290)
Net n2202: has regular routing with opens at (126.700, 147.200) (128.350, 153.290)
Net n2202: dangling Wire at (126.700, 147.200) (126.700, 147.200) on layer: M1
Net n2203, Pin U1825/A1: has an unconnected terminal at (127.650, 153.110) (127.950, 153.290)
Net n2203: has regular routing with opens at (127.700, 152.510) (138.150, 153.725)
Net n2203: dangling Wire at (127.700, 153.400) (127.700, 153.400) on layer: M1
Net n2209, Pin U2718/A1: has an unconnected terminal at (104.650, 235.710) (104.750, 236.120)
Net n2209: has regular routing with opens at (90.250, 233.660) (105.100, 236.000)
Net n2209: dangling Wire at (105.100, 236.000) (105.100, 236.000) on layer: M1
Net n2211, Pin U2718/A3: has an unconnected terminal at (105.150, 235.875) (105.220, 236.120)
Net n2211: has regular routing with opens at (102.850, 233.660) (104.700, 236.000)
Net n2211: dangling Wire at (104.700, 236.000) (104.700, 236.000) on layer: M1
Net n2239, Pin U2744/A1: has an unconnected terminal at (97.850, 208.680) (97.950, 209.090)
Net n2239: has regular routing with opens at (91.850, 208.460) (98.300, 209.600)
Net n2239: dangling Wire at (98.300, 208.800) (98.300, 208.800) on layer: M1
Net n2241, Pin U2744/A3: has an unconnected terminal at (98.350, 208.680) (98.420, 208.925)
Net n2241: has regular routing with opens at (97.900, 208.460) (104.550, 209.290)
Net n2241: dangling Wire at (97.900, 208.800) (97.900, 208.800) on layer: M1
Net n2265, Pin U2761/ZN: has an unconnected terminal at (114.655, 37.500) (114.750, 38.350)
Net n2265: has regular routing with opens at (114.300, 37.600) (116.950, 38.120)
Net n2265: dangling Wire at (114.300, 37.600) (114.300, 37.600) on layer: M1
Net n2275, Pin U2769/ZN: has an unconnected terminal at (115.455, 5.100) (115.550, 5.950)
Net n2275: has regular routing with opens at (115.100, 5.200) (117.010, 14.690)
Net n2275: dangling Wire at (115.100, 5.200) (115.100, 5.200) on layer: M1
Net n2286, Pin U2783/A2: has an unconnected terminal at (169.450, 148.910) (169.550, 149.615)
Net n2286: has regular routing with opens at (170.825, 147.075) (170.950, 149.600)
Net n2286: dangling Wire at (170.900, 149.600) (170.900, 149.600) on layer: M1
Net n2287, Pin U2783/A1: has an unconnected terminal at (169.850, 149.510) (170.150, 149.690)
Net n2287: has regular routing with opens at (170.500, 138.110) (176.575, 149.800)
Net n2287: dangling Wire at (170.500, 149.800) (170.500, 149.800) on layer: M1
Net n2305, Pin U2802/A1: has an unconnected terminal at (184.450, 124.110) (184.550, 124.520)
Net n2305: has regular routing with opens at (170.850, 124.400) (184.300, 126.490)
Net n2305: dangling Wire at (184.300, 124.400) (184.300, 124.400) on layer: M1
Net n2315, Pin U2809/ZN: has an unconnected terminal at (150.040, 179.700) (150.150, 180.490)
Net n2315: has regular routing with opens at (148.700, 179.880) (169.750, 180.600)
Net n2315: dangling Wire at (148.700, 180.400) (148.700, 180.400) on layer: M1
Net n2322, Pin U2821/A4: has an unconnected terminal at (192.250, 203.310) (192.350, 203.725)
Net n2322: has regular routing with opens at (190.850, 203.600) (192.500, 205.690)
Net n2322: dangling Wire at (192.500, 203.600) (192.500, 203.600) on layer: M1
Net n2323, Pin U2821/A3: has an unconnected terminal at (192.580, 203.475) (192.650, 203.720)
Net n2323: has regular routing with opens at (187.250, 199.510) (192.900, 203.600)
Net n2323: dangling Wire at (192.900, 203.600) (192.900, 203.600) on layer: M1
Net n2324, Pin U2821/A2: has an unconnected terminal at (192.845, 203.310) (192.955, 203.720)
Net n2324: has regular routing with opens at (185.250, 203.110) (193.100, 203.940)
Net n2324: dangling Wire at (193.100, 203.600) (193.100, 203.600) on layer: M1
Net n2325, Pin U2821/A1: has an unconnected terminal at (193.050, 203.310) (193.150, 203.720)
Net n2325: has regular routing with opens at (193.500, 197.660) (195.150, 203.600)
Net n2325: dangling Wire at (193.500, 203.600) (193.500, 203.600) on layer: M1
Net n2326, Pin U2822/A2: has an unconnected terminal at (191.250, 201.585) (191.350, 202.290)
Net n2326, Pin U2821/Z: has an unconnected terminal at (191.850, 202.910) (191.975, 204.125)
Net n2326: has regular routing with opens at (192.100, 201.600) (192.700, 204.000)
Net n2326: dangling Wire at (192.100, 204.000) (192.100, 204.000) on layer: M1
Net n2326: dangling Wire at (192.700, 201.600) (192.700, 201.600) on layer: M1
Net n2327, Pin U2822/A1: has an unconnected terminal at (191.650, 201.510) (191.950, 201.690)
Net n2327: has regular routing with opens at (192.300, 201.075) (203.350, 202.290)
Net n2327: dangling Wire at (192.300, 201.400) (192.300, 201.400) on layer: M1
Net n2351, Pin U2839/ZN: has an unconnected terminal at (102.455, 176.050) (102.550, 176.900)
Net n2351: has regular routing with opens at (102.100, 176.310) (110.370, 176.800)
Net n2351: dangling Wire at (102.100, 176.800) (102.100, 176.800) on layer: M1
Net n2353, Pin U2845/A4: has an unconnected terminal at (118.250, 161.875) (118.350, 162.290)
Net n2353: has regular routing with opens at (118.500, 154.460) (120.950, 162.000)
Net n2353: dangling Wire at (118.500, 162.000) (118.500, 162.000) on layer: M1
Net n2354, Pin U2845/A3: has an unconnected terminal at (118.580, 161.880) (118.650, 162.125)
Net n2354, Pin U2844/ZN: has an unconnected terminal at (121.040, 167.110) (121.150, 167.940)
Net n2354: has regular routing with opens at (118.900, 162.000) (119.900, 168.000)
Net n2354: dangling Wire at (119.900, 168.000) (119.900, 168.000) on layer: M1
Net n2354: dangling Wire at (118.900, 162.000) (118.900, 162.000) on layer: M1
Net n2355, Pin U2845/A2: has an unconnected terminal at (118.845, 161.880) (118.955, 162.290)
Net n2355: has regular routing with opens at (114.450, 157.875) (119.300, 162.000)
Net n2355: dangling Wire at (119.100, 162.000) (119.100, 162.000) on layer: M1
Net n2356, Pin U2845/A1: has an unconnected terminal at (119.050, 161.880) (119.150, 162.290)
Net n2356: has regular routing with opens at (119.500, 161.660) (123.150, 162.490)
Net n2356: dangling Wire at (119.500, 162.000) (119.500, 162.000) on layer: M1
Net n2357, Pin U2845/Z: has an unconnected terminal at (117.850, 161.475) (117.975, 162.690)
Net n2357: has regular routing with opens at (110.850, 161.600) (118.100, 178.490)
Net n2357: dangling Wire at (118.100, 161.600) (118.100, 161.600) on layer: M1
Net n2363, Pin U1937/A4: has an unconnected terminal at (199.450, 226.710) (199.550, 227.100)
Net n2363: has regular routing with opens at (194.850, 226.275) (199.300, 227.345)
Net n2363: dangling Wire at (199.300, 226.800) (199.300, 226.800) on layer: M1
Net n2364, Pin U1937/A3: has an unconnected terminal at (199.815, 226.710) (199.850, 226.930)
Net n2364: has regular routing with opens at (198.850, 226.800) (200.150, 230.945)
Net n2364: dangling Wire at (199.700, 226.800) (199.700, 226.800) on layer: M1
Net n2365, Pin U1937/A2: has an unconnected terminal at (200.050, 226.710) (200.160, 227.100)
Net n2365: has regular routing with opens at (199.900, 222.860) (204.950, 227.000)
Net n2365: dangling Wire at (199.900, 226.800) (199.900, 226.800) on layer: M1
Net n2366, Pin U1937/A1: has an unconnected terminal at (200.430, 226.710) (200.550, 227.100)
Net n2366: has regular routing with opens at (199.450, 226.800) (200.750, 236.340)
Net n2366: dangling Wire at (200.100, 226.800) (200.100, 226.800) on layer: M1
Net n2367, Pin U1937/Z: has an unconnected terminal at (199.050, 226.510) (199.065, 227.200)
Net n2367: has regular routing with opens at (192.250, 227.400) (198.900, 228.890)
Net n2367: dangling Wire at (198.900, 227.400) (198.900, 227.400) on layer: M1
Net n2388, Pin U2871/A2: has an unconnected terminal at (177.050, 192.110) (177.150, 192.815)
Net n2388: has regular routing with opens at (176.100, 190.275) (177.975, 193.200)
Net n2388: dangling Wire at (176.100, 193.200) (176.100, 193.200) on layer: M1
Net n2389, Pin U2871/A1: has an unconnected terminal at (176.450, 192.710) (176.750, 192.890)
Net n2389: has regular routing with opens at (177.300, 190.275) (206.150, 192.800)
Net n2389: dangling Wire at (177.300, 192.800) (177.300, 192.800) on layer: M1
Net n2398, Pin U2879/A2: has an unconnected terminal at (193.195, 215.980) (193.465, 216.090)
Net n2398: has regular routing with opens at (192.625, 215.800) (193.300, 218.525)
Net n2398: dangling Wire at (193.300, 215.800) (193.300, 215.800) on layer: M1
Net n2413, Pin U2107/A1: has an unconnected terminal at (168.250, 158.280) (168.350, 158.690)
Net n2413: has regular routing with opens at (168.100, 158.400) (170.950, 160.925)
Net n2413: dangling Wire at (168.100, 158.400) (168.100, 158.400) on layer: M1
Net n2415, Pin U2892/ZN: has an unconnected terminal at (176.440, 158.060) (176.550, 158.890)
Net n2415: has regular routing with opens at (173.850, 156.500) (175.300, 158.000)
Net n2415: dangling Wire at (175.300, 158.000) (175.300, 158.000) on layer: M1
Net n2433, Pin U2905/ZN: has an unconnected terminal at (227.455, 122.050) (227.550, 122.900)
Net n2433: has regular routing with opens at (227.100, 118.710) (227.750, 122.800)
Net n2433: dangling Wire at (227.100, 122.800) (227.100, 122.800) on layer: M1
Net n2456, Pin U2930/ZN: has an unconnected terminal at (126.640, 192.310) (126.750, 193.140)
Net n2456: has regular routing with opens at (116.980, 193.200) (125.500, 194.690)
Net n2456: dangling Wire at (125.500, 193.200) (125.500, 193.200) on layer: M1
Net n2492, Pin U2969/A4: has an unconnected terminal at (225.450, 221.310) (225.550, 221.725)
Net n2492: has regular routing with opens at (223.850, 221.600) (225.700, 225.540)
Net n2492: dangling Wire at (225.700, 221.600) (225.700, 221.600) on layer: M1
Net n2493, Pin U2969/A3: has an unconnected terminal at (225.780, 221.475) (225.850, 221.720)
Net n2493: has regular routing with opens at (226.100, 219.075) (235.350, 221.600)
Net n2493: dangling Wire at (226.100, 221.600) (226.100, 221.600) on layer: M1
Net n2494, Pin U2969/A2: has an unconnected terminal at (226.045, 221.310) (226.155, 221.720)
Net n2494: has regular routing with opens at (223.450, 212.060) (226.300, 221.600)
Net n2494: dangling Wire at (226.300, 221.600) (226.300, 221.600) on layer: M1
Net n2495, Pin U2969/A1: has an unconnected terminal at (226.250, 221.310) (226.350, 221.720)
Net n2495: has regular routing with opens at (226.050, 219.075) (227.350, 221.600)
Net n2495: dangling Wire at (226.700, 221.600) (226.700, 221.600) on layer: M1
Net n2501, Pin U2969/Z: has an unconnected terminal at (225.050, 220.910) (225.175, 222.125)
Net n2501: has regular routing with opens at (200.650, 222.000) (225.300, 223.290)
Net n2501: dangling Wire at (225.300, 222.000) (225.300, 222.000) on layer: M1
Net n2511, Pin U2982/A1: has an unconnected terminal at (213.250, 181.910) (213.550, 182.090)
Net n2511: has regular routing with opens at (213.300, 182.200) (229.175, 195.090)
Net n2511: dangling Wire at (213.300, 182.200) (213.300, 182.200) on layer: M1
Net n2527, Pin U2998/ZN: has an unconnected terminal at (220.440, 237.260) (220.550, 238.090)
Net n2527: has regular routing with opens at (211.380, 235.710) (219.300, 237.200)
Net n2527: dangling Wire at (219.300, 237.200) (219.300, 237.200) on layer: M1
Net n2542, Pin U3010/A4: has an unconnected terminal at (220.450, 134.910) (220.550, 135.325)
Net n2542: has regular routing with opens at (214.850, 135.200) (220.700, 137.290)
Net n2542: dangling Wire at (220.700, 135.200) (220.700, 135.200) on layer: M1
Net n2543, Pin U3010/A3: has an unconnected terminal at (220.780, 135.075) (220.850, 135.320)
Net n2543: has regular routing with opens at (221.100, 135.200) (226.350, 140.890)
Net n2543: dangling Wire at (221.100, 135.200) (221.100, 135.200) on layer: M1
Net n2544, Pin U3010/A2: has an unconnected terminal at (221.045, 134.910) (221.155, 135.320)
Net n2544: has regular routing with opens at (220.450, 125.660) (221.750, 135.200)
Net n2544: dangling Wire at (221.300, 135.200) (221.300, 135.200) on layer: M1
Net n2545, Pin U3010/A1: has an unconnected terminal at (221.250, 134.910) (221.350, 135.320)
Net n2545: has regular routing with opens at (221.700, 132.675) (225.150, 135.200)
Net n2545: dangling Wire at (221.700, 135.200) (221.700, 135.200) on layer: M1
Net n2551, Pin U3010/Z: has an unconnected terminal at (220.050, 134.510) (220.175, 135.725)
Net n2551: has regular routing with opens at (192.100, 135.600) (220.300, 158.490)
Net n2551: dangling Wire at (220.300, 135.600) (220.300, 135.600) on layer: M1
Net n2560, Pin U3022/A2: has an unconnected terminal at (184.870, 93.580) (185.030, 93.695)
Net n2560: has regular routing with opens at (183.700, 91.310) (184.175, 93.200)
Net n2560: dangling Wire at (183.900, 93.200) (183.900, 93.200) on layer: M1
Net n2591, Pin U2182/ZN: has an unconnected terminal at (133.455, 33.900) (133.550, 34.750)
Net n2591: has regular routing with opens at (132.590, 34.000) (133.100, 43.490)
Net n2591: dangling Wire at (133.100, 34.000) (133.100, 34.000) on layer: M1
Net n2612, Pin U3069/A2: has an unconnected terminal at (149.450, 115.185) (149.550, 115.890)
Net n2612: has regular routing with opens at (150.900, 107.475) (151.975, 115.200)
Net n2612: dangling Wire at (150.900, 115.200) (150.900, 115.200) on layer: M1
Net n2613, Pin U3069/A1: has an unconnected terminal at (149.850, 115.110) (150.150, 115.290)
Net n2613: has regular routing with opens at (150.500, 114.800) (152.775, 117.725)
Net n2613: dangling Wire at (150.500, 115.000) (150.500, 115.000) on layer: M1
Net n2637, Pin U3086/ZN: has an unconnected terminal at (232.050, 129.250) (232.145, 130.100)
Net n2637: has regular routing with opens at (229.230, 130.000) (232.500, 131.690)
Net n2637: dangling Wire at (232.500, 130.000) (232.500, 130.000) on layer: M1
Net n2641, Pin U3093/A1: has an unconnected terminal at (216.450, 152.910) (216.550, 153.320)
Net n2641: has regular routing with opens at (216.300, 149.110) (217.750, 153.200)
Net n2641: dangling Wire at (216.300, 153.200) (216.300, 153.200) on layer: M1
Net n2651, Pin U3098/ZN: has an unconnected terminal at (126.655, 5.100) (126.750, 5.950)
Net n2651: has regular routing with opens at (126.300, 5.200) (131.370, 5.690)
Net n2651: dangling Wire at (126.300, 5.200) (126.300, 5.200) on layer: M1
Net n2681, Pin U3127/ZN: has an unconnected terminal at (143.055, 84.300) (143.150, 85.150)
Net n2681: has regular routing with opens at (142.650, 84.400) (142.770, 86.700)
Net n2681: dangling Wire at (142.700, 84.400) (142.700, 84.400) on layer: M1
Net n2701, Pin U2060/ZN: has an unconnected terminal at (162.455, 91.500) (162.550, 92.350)
Net n2701: has regular routing with opens at (162.100, 89.880) (163.900, 91.600)
Net n2701: dangling Wire at (162.100, 91.600) (162.100, 91.600) on layer: M1
Net n2707, Pin U3150/ZN: has an unconnected terminal at (152.255, 15.900) (152.350, 16.750)
Net n2707: has regular routing with opens at (151.900, 8.900) (153.950, 16.000)
Net n2707: dangling Wire at (151.900, 16.000) (151.900, 16.000) on layer: M1
Net n2724, Pin U3170/A4: has an unconnected terminal at (174.650, 44.910) (174.750, 45.325)
Net n2724: has regular routing with opens at (174.650, 45.200) (175.950, 50.945)
Net n2724: dangling Wire at (174.900, 45.200) (174.900, 45.200) on layer: M1
Net n2725, Pin U3170/A3: has an unconnected terminal at (174.980, 45.075) (175.050, 45.320)
Net n2725: has regular routing with opens at (169.050, 45.200) (175.300, 47.345)
Net n2725: dangling Wire at (175.300, 45.200) (175.300, 45.200) on layer: M1
Net n2726, Pin U3170/A2: has an unconnected terminal at (175.245, 44.910) (175.355, 45.320)
Net n2726: has regular routing with opens at (175.500, 42.860) (181.350, 45.200)
Net n2726: dangling Wire at (175.500, 45.200) (175.500, 45.200) on layer: M1
Net n2727, Pin U3170/A1: has an unconnected terminal at (175.450, 44.910) (175.550, 45.320)
Net n2727: has regular routing with opens at (175.900, 45.200) (181.550, 49.325)
Net n2727: dangling Wire at (175.900, 45.200) (175.900, 45.200) on layer: M1
Net n2733, Pin U3170/Z: has an unconnected terminal at (174.250, 44.510) (174.375, 45.725)
Net n2733: has regular routing with opens at (174.450, 41.310) (175.510, 45.600)
Net n2733: dangling Wire at (174.500, 45.600) (174.500, 45.600) on layer: M1
Net n2771, Pin U1995/ZN: has an unconnected terminal at (151.250, 46.450) (151.345, 47.300)
Net n2771: has regular routing with opens at (151.700, 46.680) (157.750, 47.200)
Net n2771: dangling Wire at (151.700, 47.200) (151.700, 47.200) on layer: M1
Net n2777, Pin U3206/ZN: has an unconnected terminal at (158.850, 24.850) (158.945, 25.700)
Net n2777: has regular routing with opens at (159.050, 25.600) (159.300, 29.100)
Net n2777: dangling Wire at (159.300, 25.600) (159.300, 25.600) on layer: M1
Net n2782, Pin U3213/A2: has an unconnected terminal at (159.195, 37.910) (159.465, 38.020)
Net n2782: has regular routing with opens at (159.025, 35.475) (159.300, 38.200)
Net n2782: dangling Wire at (159.300, 38.200) (159.300, 38.200) on layer: M1
Net n2813, Pin U2062/ZN: has an unconnected terminal at (137.050, 30.300) (137.145, 31.150)
Net n2813: has regular routing with opens at (137.500, 30.400) (141.350, 32.690)
Net n2813: dangling Wire at (137.500, 30.400) (137.500, 30.400) on layer: M1
Net n2830, Pin U3246/ZN: has an unconnected terminal at (97.450, 194.050) (97.545, 194.900)
Net n2830: has regular routing with opens at (92.250, 194.800) (97.900, 196.520)
Net n2830: dangling Wire at (97.900, 194.800) (97.900, 194.800) on layer: M1
Net n2840, Pin U3255/ZN: has an unconnected terminal at (64.255, 140.050) (64.350, 140.900)
Net n2840: has regular routing with opens at (62.850, 136.710) (63.900, 140.800)
Net n2840: dangling Wire at (63.900, 140.800) (63.900, 140.800) on layer: M1
Net n2850, Pin U3263/ZN: has an unconnected terminal at (100.055, 136.450) (100.150, 137.300)
Net n2850: has regular routing with opens at (98.790, 137.200) (99.700, 138.920)
Net n2850: dangling Wire at (99.700, 137.200) (99.700, 137.200) on layer: M1
Net n2860, Pin U3273/ZN: has an unconnected terminal at (95.855, 134.700) (95.950, 135.550)
Net n2860: has regular routing with opens at (95.500, 131.310) (98.550, 134.800)
Net n2860: dangling Wire at (95.500, 134.800) (95.500, 134.800) on layer: M1
Net n2870, Pin U3286/A1: has an unconnected terminal at (90.250, 179.880) (90.350, 180.290)
Net n2870, Pin U3282/ZN: has an unconnected terminal at (85.455, 177.900) (85.550, 178.750)
Net n2870: has regular routing with opens at (85.100, 178.000) (90.100, 180.000)
Net n2870: dangling Wire at (85.100, 178.000) (85.100, 178.000) on layer: M1
Net n2870: dangling Wire at (90.100, 180.000) (90.100, 180.000) on layer: M1
Net n2881, Pin U3290/ZN: has an unconnected terminal at (97.055, 170.700) (97.150, 171.550)
Net n2881: has regular routing with opens at (95.190, 165.480) (96.700, 170.800)
Net n2881: dangling Wire at (96.700, 170.800) (96.700, 170.800) on layer: M1
Net n2906, Pin U3313/ZN: has an unconnected terminal at (105.450, 10.450) (105.545, 11.300)
Net n2906: has regular routing with opens at (102.250, 8.910) (105.900, 11.200)
Net n2906: dangling Wire at (105.900, 11.200) (105.900, 11.200) on layer: M1
Net n2913, Pin U2131/A4: has an unconnected terminal at (90.650, 93.475) (90.750, 93.920)
Net n2913: has regular routing with opens at (87.450, 93.600) (90.900, 97.690)
Net n2913: dangling Wire at (90.900, 93.600) (90.900, 93.600) on layer: M1
Net n2914, Pin U2131/A3: has an unconnected terminal at (90.980, 93.480) (91.050, 93.725)
Net n2914: has regular routing with opens at (87.050, 93.000) (91.300, 94.145)
Net n2914: dangling Wire at (91.300, 93.600) (91.300, 93.600) on layer: M1
Net n2915, Pin U2131/A2: has an unconnected terminal at (91.250, 93.480) (91.350, 93.920)
Net n2915: has regular routing with opens at (91.500, 93.600) (97.550, 97.745)
Net n2915: dangling Wire at (91.500, 93.600) (91.500, 93.600) on layer: M1
Net n2916, Pin U2131/A1: has an unconnected terminal at (91.450, 93.480) (91.550, 93.920)
Net n2916: has regular routing with opens at (91.900, 91.510) (95.750, 93.600)
Net n2916: dangling Wire at (91.900, 93.600) (91.900, 93.600) on layer: M1
Net n2917, Pin U2131/Z: has an unconnected terminal at (90.250, 93.075) (90.375, 94.290)
Net n2917: has regular routing with opens at (90.050, 91.310) (91.350, 93.200)
Net n2917: dangling Wire at (90.500, 93.200) (90.500, 93.200) on layer: M1
Net n2924, Pin U3330/ZN: has an unconnected terminal at (88.450, 111.260) (88.560, 112.090)
Net n2924: has regular routing with opens at (89.700, 111.200) (91.420, 119.120)
Net n2924: dangling Wire at (89.700, 111.200) (89.700, 111.200) on layer: M1
Net n2947, Pin U3346/ZN: has an unconnected terminal at (101.650, 50.050) (101.745, 50.900)
Net n2947: has regular routing with opens at (101.900, 46.680) (102.210, 50.800)
Net n2947: dangling Wire at (102.100, 50.800) (102.100, 50.800) on layer: M1
Net n2953, Pin U2215/ZN: has an unconnected terminal at (53.250, 170.700) (53.345, 171.550)
Net n2953: has regular routing with opens at (43.850, 170.800) (53.700, 171.320)
Net n2953: dangling Wire at (53.700, 170.800) (53.700, 170.800) on layer: M1
Net n2959, Pin U3358/A1: has an unconnected terminal at (43.250, 176.310) (43.550, 176.490)
Net n2959: has regular routing with opens at (42.650, 170.510) (43.300, 176.200)
Net n2959: dangling Wire at (43.300, 176.200) (43.300, 176.200) on layer: M1
Net n2967, Pin U3363/ZN: has an unconnected terminal at (82.655, 24.850) (82.750, 25.700)
Net n2967: has regular routing with opens at (82.300, 14.310) (83.970, 25.600)
Net n2967: dangling Wire at (82.300, 25.600) (82.300, 25.600) on layer: M1
Net n2973, Pin U3369/ZN: has an unconnected terminal at (37.855, 132.850) (37.950, 133.700)
Net n2973: has regular routing with opens at (32.650, 133.600) (37.500, 135.290)
Net n2973: dangling Wire at (37.500, 133.600) (37.500, 133.600) on layer: M1
Net n2987, Pin U3383/ZN: has an unconnected terminal at (85.650, 50.050) (85.745, 50.900)
Net n2987: has regular routing with opens at (85.450, 48.480) (86.100, 51.000)
Net n2987: dangling Wire at (86.100, 50.800) (86.100, 50.800) on layer: M1
Net n2993, Pin U3392/A1: has an unconnected terminal at (62.050, 174.510) (62.150, 174.920)
Net n2993, Pin U3389/ZN: has an unconnected terminal at (60.055, 172.450) (60.150, 173.300)
Net n2993: has regular routing with opens at (59.700, 173.200) (61.900, 174.800)
Net n2993: dangling Wire at (59.700, 173.200) (59.700, 173.200) on layer: M1
Net n2993: dangling Wire at (61.900, 174.800) (61.900, 174.800) on layer: M1
Net n3007, Pin U3403/ZN: has an unconnected terminal at (89.855, 30.300) (89.950, 31.150)
Net n3007: has regular routing with opens at (89.500, 26.900) (90.370, 30.400)
Net n3007: dangling Wire at (89.500, 30.400) (89.500, 30.400) on layer: M1
Net n3017, Pin U3413/ZN: has an unconnected terminal at (86.450, 35.650) (86.545, 36.500)
Net n3017: has regular routing with opens at (79.390, 30.510) (87.300, 36.400)
Net n3017: dangling Wire at (86.900, 36.400) (86.900, 36.400) on layer: M1
Net n3018, Pin U3418/A2: has an unconnected terminal at (82.195, 35.980) (82.465, 36.090)
Net n3018: has regular routing with opens at (80.625, 30.110) (82.300, 35.800)
Net n3018: dangling Wire at (82.300, 35.800) (82.300, 35.800) on layer: M1
Net n3025, Pin U3424/ZN: has an unconnected terminal at (82.840, 104.060) (82.950, 104.890)
Net n3025: has regular routing with opens at (79.850, 91.680) (81.900, 104.000)
Net n3025: dangling Wire at (81.700, 104.000) (81.700, 104.000) on layer: M1
Net n3033, Pin U3427/ZN: has an unconnected terminal at (78.250, 147.250) (78.345, 148.100)
Net n3033, Pin U1950/A1: has an unconnected terminal at (78.450, 143.880) (78.550, 144.290)
Net n3033: has regular routing with opens at (78.300, 144.000) (78.900, 148.000)
Net n3033: dangling Wire at (78.700, 148.000) (78.700, 148.000) on layer: M1
Net n3033: dangling Wire at (78.300, 144.000) (78.300, 144.000) on layer: M1
Net n3034, Pin U3434/A4: has an unconnected terminal at (86.050, 145.710) (86.150, 146.125)
Net n3034: has regular routing with opens at (86.300, 139.875) (89.350, 146.000)
Net n3034: dangling Wire at (86.300, 146.000) (86.300, 146.000) on layer: M1
Net n3035, Pin U3434/A3: has an unconnected terminal at (86.380, 145.875) (86.450, 146.120)
Net n3035: has regular routing with opens at (82.850, 145.455) (86.700, 146.525)
Net n3035: dangling Wire at (86.700, 146.000) (86.700, 146.000) on layer: M1
Net n3036, Pin U3434/A2: has an unconnected terminal at (86.645, 145.710) (86.755, 146.120)
Net n3036: has regular routing with opens at (86.900, 145.455) (90.550, 146.525)
Net n3036: dangling Wire at (86.900, 146.000) (86.900, 146.000) on layer: M1
Net n3037, Pin U3434/A1: has an unconnected terminal at (86.850, 145.710) (86.950, 146.120)
Net n3037: has regular routing with opens at (85.450, 146.000) (87.300, 151.690)
Net n3037: dangling Wire at (87.300, 146.000) (87.300, 146.000) on layer: M1
Net n3038, Pin U3434/Z: has an unconnected terminal at (85.650, 145.310) (85.775, 146.525)
Net n3038: has regular routing with opens at (81.250, 146.400) (85.900, 149.690)
Net n3038: dangling Wire at (85.900, 146.400) (85.900, 146.400) on layer: M1
Net n3039, Pin U3435/A1: has an unconnected terminal at (81.850, 149.510) (82.150, 149.690)
Net n3039: has regular routing with opens at (79.625, 143.475) (81.900, 149.800)
Net n3039: dangling Wire at (81.900, 149.800) (81.900, 149.800) on layer: M1
Net n3043, Pin U3440/A1: has an unconnected terminal at (56.250, 14.280) (56.350, 14.690)
Net n3043: has regular routing with opens at (56.100, 14.400) (57.550, 18.545)
Net n3043: dangling Wire at (56.100, 14.400) (56.100, 14.400) on layer: M1
Net n3047, Pin U3441/ZN: has an unconnected terminal at (54.855, 32.050) (54.950, 32.900)
Net n3047: has regular routing with opens at (53.990, 26.910) (54.500, 32.800)
Net n3047: dangling Wire at (54.500, 32.800) (54.500, 32.800) on layer: M1
Net n3048, Pin U3446/A2: has an unconnected terminal at (57.735, 23.510) (58.005, 23.620)
Net n3048: has regular routing with opens at (55.225, 24.000) (59.300, 27.725)
Net n3048: dangling Wire at (59.300, 24.000) (59.300, 24.000) on layer: M1
Net n3049, Pin U3446/A1: has an unconnected terminal at (57.455, 23.460) (57.475, 23.670)
Net n3049: has regular routing with opens at (57.425, 13.875) (58.100, 23.600)
Net n3049: dangling Wire at (58.100, 23.600) (58.100, 23.600) on layer: M1
Net n3053, Pin U3447/ZN: has an unconnected terminal at (41.055, 120.300) (41.150, 121.150)
Net n3053: has regular routing with opens at (40.700, 120.400) (45.570, 120.890)
Net n3053: dangling Wire at (40.700, 120.400) (40.700, 120.400) on layer: M1
Net n3063, Pin U1857/A1: has an unconnected terminal at (41.050, 28.680) (41.150, 29.090)
Net n3063: has regular routing with opens at (40.900, 28.800) (42.550, 32.945)
Net n3063: dangling Wire at (40.900, 28.800) (40.900, 28.800) on layer: M1
Net n3068, Pin U1934/A1: has an unconnected terminal at (13.850, 35.880) (13.950, 36.320)
Net n3068: has regular routing with opens at (5.050, 35.660) (13.700, 36.490)
Net n3068: dangling Wire at (13.700, 36.000) (13.700, 36.000) on layer: M1
Net n3069, Pin U3464/A2: has an unconnected terminal at (44.535, 37.910) (44.805, 38.020)
Net n3069: has regular routing with opens at (15.025, 35.475) (46.500, 38.400)
Net n3069: dangling Wire at (46.100, 38.400) (46.100, 38.400) on layer: M1
Net n3070, Pin U3464/A1: has an unconnected terminal at (44.255, 37.860) (44.275, 38.070)
Net n3070: has regular routing with opens at (42.225, 28.275) (44.900, 38.000)
Net n3070: dangling Wire at (44.900, 38.000) (44.900, 38.000) on layer: M1
Net n3079, Pin U1918/A1: has an unconnected terminal at (10.850, 52.080) (10.950, 52.520)
Net n3079: has regular routing with opens at (4.050, 46.460) (10.700, 52.400)
Net n3079: dangling Wire at (10.700, 52.400) (10.700, 52.400) on layer: M1
Net n3090, Pin U3482/A2: has an unconnected terminal at (30.595, 32.380) (30.865, 32.490)
Net n3090: has regular routing with opens at (16.625, 30.110) (29.900, 32.000)
Net n3090: dangling Wire at (29.900, 32.000) (29.900, 32.000) on layer: M1
Net n3095, Pin U3483/ZN: has an unconnected terminal at (35.655, 125.650) (35.750, 126.500)
Net n3095: has regular routing with opens at (35.300, 124.110) (39.950, 126.400)
Net n3095: dangling Wire at (35.300, 126.400) (35.300, 126.400) on layer: M1
Net n3097, Pin U3490/ZN: has an unconnected terminal at (42.450, 100.460) (42.560, 101.290)
Net n3097: has regular routing with opens at (43.050, 100.400) (43.700, 113.720)
Net n3097: dangling Wire at (43.700, 100.400) (43.700, 100.400) on layer: M1
Net n3109, Pin U3499/ZN: has an unconnected terminal at (13.855, 89.650) (13.950, 90.500)
Net n3109: has regular routing with opens at (13.390, 90.400) (13.550, 101.120)
Net n3109: dangling Wire at (13.500, 90.400) (13.500, 90.400) on layer: M1
Net n3111, Pin U3503/A1: has an unconnected terminal at (31.450, 99.110) (31.750, 99.290)
Net n3111: has regular routing with opens at (30.450, 96.675) (31.500, 99.400)
Net n3111: dangling Wire at (31.500, 99.400) (31.500, 99.400) on layer: M1
Net n3119, Pin U3508/ZN: has an unconnected terminal at (54.655, 42.850) (54.750, 43.700)
Net n3119: has regular routing with opens at (48.250, 39.510) (54.300, 43.600)
Net n3119: dangling Wire at (54.300, 43.600) (54.300, 43.600) on layer: M1
Net n3127, Pin U3519/ZN: has an unconnected terminal at (56.850, 104.060) (56.960, 104.890)
Net n3127: has regular routing with opens at (58.100, 98.910) (59.350, 104.000)
Net n3127: dangling Wire at (58.100, 104.000) (58.100, 104.000) on layer: M1
Net n3131, Pin U3522/A1: has an unconnected terminal at (58.650, 107.910) (58.950, 108.090)
Net n3131: has regular routing with opens at (49.025, 107.400) (58.700, 110.525)
Net n3131: dangling Wire at (58.700, 107.800) (58.700, 107.800) on layer: M1
Net n3147, Pin U3539/ZN: has an unconnected terminal at (41.050, 91.510) (41.160, 92.340)
Net n3147: has regular routing with opens at (42.300, 92.400) (47.620, 93.890)
Net n3147: dangling Wire at (42.300, 92.400) (42.300, 92.400) on layer: M1
Net n3151, Pin U3542/A1: has an unconnected terminal at (49.450, 95.510) (49.750, 95.690)
Net n3151: has regular routing with opens at (47.025, 82.275) (49.500, 95.800)
Net n3151: dangling Wire at (49.500, 95.800) (49.500, 95.800) on layer: M1
Net n3159, Pin U3547/ZN: has an unconnected terminal at (6.855, 91.500) (6.950, 92.350)
Net n3159: has regular routing with opens at (6.500, 86.280) (11.550, 91.600)
Net n3159: dangling Wire at (6.500, 91.600) (6.500, 91.600) on layer: M1
Net n3161, Pin U3552/A1: has an unconnected terminal at (34.050, 88.310) (34.350, 88.490)
Net n3161: has regular routing with opens at (33.700, 73.310) (35.350, 88.600)
Net n3161: dangling Wire at (34.100, 88.600) (34.100, 88.600) on layer: M1
Net n3165, Pin U3553/ZN: has an unconnected terminal at (69.055, 120.300) (69.150, 121.150)
Net n3165: has regular routing with opens at (63.450, 120.400) (68.700, 120.920)
Net n3165: dangling Wire at (68.700, 120.400) (68.700, 120.400) on layer: M1
Net n3167, Pin U3559/ZN: has an unconnected terminal at (65.440, 104.060) (65.550, 104.890)
Net n3167: has regular routing with opens at (63.980, 104.000) (64.300, 115.520)
Net n3167: dangling Wire at (64.300, 104.000) (64.300, 104.000) on layer: M1
Net n3172, Pin U3564/A4: has an unconnected terminal at (26.450, 7.075) (26.550, 7.490)
Net n3172: has regular routing with opens at (26.700, 7.200) (28.150, 11.345)
Net n3172: dangling Wire at (26.700, 7.200) (26.700, 7.200) on layer: M1
Net n3173, Pin U3564/A3: has an unconnected terminal at (26.780, 7.080) (26.850, 7.325)
Net n3173: has regular routing with opens at (23.450, 5.055) (27.100, 7.200)
Net n3173: dangling Wire at (27.100, 7.200) (27.100, 7.200) on layer: M1
Net n3174, Pin U3564/A2: has an unconnected terminal at (27.045, 7.080) (27.155, 7.490)
Net n3174: has regular routing with opens at (27.300, 5.055) (33.350, 7.200)
Net n3174: dangling Wire at (27.300, 7.200) (27.300, 7.200) on layer: M1
Net n3175, Pin U3564/A1: has an unconnected terminal at (27.250, 7.080) (27.350, 7.490)
Net n3175: has regular routing with opens at (26.050, 7.200) (27.700, 16.925)
Net n3175: dangling Wire at (27.700, 7.200) (27.700, 7.200) on layer: M1
Net n3179, Pin U3565/ZN: has an unconnected terminal at (5.040, 14.060) (5.150, 14.890)
Net n3179: has regular routing with opens at (5.300, 10.680) (19.350, 14.800)
Net n3179: dangling Wire at (5.300, 14.800) (5.300, 14.800) on layer: M1
Net n3180, Pin U3568/A2: has an unconnected terminal at (24.395, 12.710) (24.665, 12.820)
Net n3180: has regular routing with opens at (20.425, 10.275) (23.700, 13.400)
Net n3180: dangling Wire at (23.700, 13.200) (23.700, 13.200) on layer: M1
Net n3181, Pin U3564/Z: has an unconnected terminal at (26.050, 6.675) (26.175, 7.890)
Net n3181: has regular routing with opens at (23.850, 6.800) (26.300, 13.030)
Net n3181: dangling Wire at (26.300, 6.800) (26.300, 6.800) on layer: M1
Net n3185, Pin U3569/ZN: has an unconnected terminal at (35.255, 84.300) (35.350, 85.150)
Net n3185: has regular routing with opens at (30.450, 80.880) (34.900, 84.400)
Net n3185: dangling Wire at (34.900, 84.400) (34.900, 84.400) on layer: M1
Net n3189, Pin U3578/A1: has an unconnected terminal at (11.850, 77.280) (11.950, 77.720)
Net n3189, Pin U3574/ZN: has an unconnected terminal at (5.855, 75.250) (5.950, 76.100)
Net n3189: has regular routing with opens at (5.500, 76.000) (11.700, 77.600)
Net n3189: dangling Wire at (5.500, 76.000) (5.500, 76.000) on layer: M1
Net n3189: dangling Wire at (11.700, 77.600) (11.700, 77.600) on layer: M1
Net n3191, Pin U3579/A1: has an unconnected terminal at (29.050, 79.110) (29.350, 79.290)
Net n3191: has regular routing with opens at (29.100, 79.000) (29.375, 81.725)
Net n3191: dangling Wire at (29.100, 79.000) (29.100, 79.000) on layer: M1
Net n3201, Pin U2234/ZN: has an unconnected terminal at (58.255, 51.900) (58.350, 52.750)
Net n3201: has regular routing with opens at (57.900, 48.510) (58.410, 52.000)
Net n3201: dangling Wire at (57.900, 52.000) (57.900, 52.000) on layer: M1
Net n3202, Pin U3588/A2: has an unconnected terminal at (57.995, 64.780) (58.265, 64.890)
Net n3202: has regular routing with opens at (57.050, 48.110) (58.100, 64.600)
Net n3202: dangling Wire at (58.100, 64.600) (58.100, 64.600) on layer: M1
Net n3208, Pin U3593/A1: has an unconnected terminal at (39.050, 16.110) (39.150, 16.520)
Net n3208: has regular routing with opens at (38.900, 15.855) (46.750, 16.925)
Net n3208: dangling Wire at (38.900, 16.400) (38.900, 16.400) on layer: M1
Net n3213, Pin U3594/ZN: has an unconnected terminal at (12.455, 46.450) (12.550, 47.300)
Net n3213: has regular routing with opens at (12.100, 46.680) (22.950, 47.200)
Net n3213: dangling Wire at (12.100, 47.200) (12.100, 47.200) on layer: M1
Net n3225, Pin U3605/ZN: has an unconnected terminal at (5.855, 60.850) (5.950, 61.700)
Net n3225: has regular routing with opens at (5.300, 61.600) (11.350, 68.720)
Net n3225: dangling Wire at (5.500, 61.600) (5.500, 61.600) on layer: M1
Net n3227, Pin U3609/A1: has an unconnected terminal at (28.250, 71.910) (28.550, 72.090)
Net n3227: has regular routing with opens at (27.050, 67.875) (28.300, 71.800)
Net n3227: dangling Wire at (28.300, 71.800) (28.300, 71.800) on layer: M1
Net n3235, Pin U3616/A1: has an unconnected terminal at (203.850, 43.080) (203.950, 43.490)
Net n3235: has regular routing with opens at (197.850, 42.860) (203.700, 43.690)
Net n3235: dangling Wire at (203.700, 43.200) (203.700, 43.200) on layer: M1
Net n3238, Pin U3622/A4: has an unconnected terminal at (207.850, 143.875) (207.950, 144.290)
Net n3238: has regular routing with opens at (208.100, 143.475) (214.150, 144.545)
Net n3238: dangling Wire at (208.100, 144.000) (208.100, 144.000) on layer: M1
Net n3239, Pin U3622/A3: has an unconnected terminal at (208.180, 143.880) (208.250, 144.125)
Net n3239: has regular routing with opens at (208.500, 143.660) (226.550, 144.490)
Net n3239: dangling Wire at (208.500, 144.000) (208.500, 144.000) on layer: M1
Net n3240, Pin U3622/A2: has an unconnected terminal at (208.445, 143.880) (208.555, 144.290)
Net n3240: has regular routing with opens at (207.050, 140.060) (208.700, 144.000)
Net n3240: dangling Wire at (208.700, 144.000) (208.700, 144.000) on layer: M1
Net n3241, Pin U3622/A1: has an unconnected terminal at (208.650, 143.880) (208.750, 144.290)
Net n3241: has regular routing with opens at (208.250, 136.275) (209.550, 144.000)
Net n3241: dangling Wire at (209.100, 144.000) (209.100, 144.000) on layer: M1
Net n3243, Pin U3624/ZN: has an unconnected terminal at (224.840, 159.910) (224.950, 160.700)
Net n3243: has regular routing with opens at (206.380, 158.280) (223.700, 160.000)
Net n3243: dangling Wire at (223.500, 160.000) (223.500, 160.000) on layer: M1
Net n3246, Pin U3627/A2: has an unconnected terminal at (202.795, 158.380) (203.065, 158.490)
Net n3246: has regular routing with opens at (202.100, 157.875) (205.775, 159.090)
Net n3246: dangling Wire at (202.100, 158.000) (202.100, 158.000) on layer: M1
Net n3247, Pin U3622/Z: has an unconnected terminal at (207.450, 143.475) (207.575, 144.690)
Net n3247: has regular routing with opens at (202.250, 143.600) (207.700, 158.540)
Net n3247: dangling Wire at (207.700, 143.600) (207.700, 143.600) on layer: M1

Begin Summary
    339 Problem(s) (IMPVFC-96): Terminal(s) are not connected.
    322 Problem(s) (IMPVFC-92): Pieces of the net are not connected together.
    339 Problem(s) (IMPVFC-94): The net has dangling wire(s).
    1000 total info(s) created.
End Summary
