*----------------------------------------------------------------------------------------
*	Innovus 15.23-s045_1 (64bit) 04/22/2016 12:32 (Linux 2.6.18-194.el5)
*	
*
* 	Date & Time:	2025-Mar-11 14:03:12 (2025-Mar-11 21:03:12 GMT)
*
*----------------------------------------------------------------------------------------
*
*	Design: core
*
*	Liberty Libraries used: 
*	        BC_VIEW: /home/linux/ieng6/ee260bwi25/nbalasubramanian/project1/core_65/route_no_drc.enc.dat/libs/mmmc/tcbn65gplusbc.lib
*
*	Power Domain used: 
*		Rail:        VDD 	Voltage:        1.1 
*
*       Power View : BC_VIEW
*
*       User-Defined Activity : N.A.
*
*       Activity File: N.A.
*
*       Hierarchical Global Activity: N.A.
*
*       Global Activity: N.A.
*
*       Sequential Element Activity: 0.200000
*
*       Primary Input Activity: 0.200000
*
*       Default icg ratio: N.A.
*
*       Global Comb ClockGate Ratio: N.A.
*
*	Power Units = 1mW
*
*	Time Units = 1e-09 secs 
*
*       report_power -outfile core.post_route.power.rpt
*
-----------------------------------------------------------------------------------------


Total Power 
-----------------------------------------------------------------------------------------
Total Internal Power:      134.83932649 	   66.5462%
Total Switching Power:      62.69775410 	   30.9427%
Total Leakage Power:         5.08808388 	    2.5111%
Total Power:               202.62516390 
-----------------------------------------------------------------------------------------


Group                           Internal   Switching     Leakage       Total  Percentage 
                                Power      Power         Power         Power  (%)        
-----------------------------------------------------------------------------------------
Sequential                         69.54       4.179       1.125       74.84       36.94 
Macro                                  0           0       1.177       1.177      0.5808 
IO                                     0           0           0           0           0 
Combinational                      58.55       46.74       2.727         108       53.31 
Clock (Combinational)              6.749       11.78     0.05918       18.59       9.174 
Clock (Sequential)                     0           0           0           0           0 
-----------------------------------------------------------------------------------------
Total                              134.8        62.7       5.088       202.6         100 
-----------------------------------------------------------------------------------------


Rail                  Voltage   Internal   Switching     Leakage       Total  Percentage 
                                Power      Power         Power         Power  (%)        
-----------------------------------------------------------------------------------------
VDD                       1.1      134.8        62.7       5.088       202.6         100 


Clock                           Internal   Switching     Leakage       Total  Percentage 
                                Power      Power         Power         Power  (%)        
-----------------------------------------------------------------------------------------
clk                                6.749       11.78     0.05918       18.59       9.174 
-----------------------------------------------------------------------------------------
Total (excluding duplicates)       6.749       11.78     0.05918       18.59       9.174 
-----------------------------------------------------------------------------------------


-----------------------------------------------------------------------------------------
*	Power Distribution Summary: 
* 		Highest Average Power:   CTS_ccl_BUF_clk_G0_L4_6 (CKBD16): 	    0.2328 
* 		Highest Leakage Power: mac_array_instance/col_idx_8__mac_col_inst/mac_16in_instance/U1005 (FA1D4): 	 0.0006246 
* 		Total Cap: 	2.04212e-10 F
* 		Total instances in design: 56644
* 		Total instances in design with no power:     0
*          Total instances in design with no activity:     0
* 		Total Fillers and Decap: 26120
-----------------------------------------------------------------------------------------

