###############################################################
#  Generated by:      Cadence Innovus 15.23-s045_1
#  OS:                Linux x86_64(Host ID ieng6-ece-19.ucsd.edu)
#  Generated on:      Sat Mar 22 08:14:22 2025
#  Design:            sram_w16
#  Command:           verifyConnectivity
###############################################################
Verify Connectivity Report is created on Sat Mar 22 08:14:22 2025



Net VDD: dangling Wire at (1.000, 112.600) (1.000, 112.600) on layer: M1
Net VDD: dangling Wire at (117.400, 112.600) (117.400, 112.600) on layer: M1
Net VDD: dangling Wire at (1.000, 109.000) (1.000, 109.000) on layer: M1
Net VDD: dangling Wire at (117.400, 101.800) (117.400, 101.800) on layer: M1
Net VDD: dangling Wire at (1.000, 94.600) (1.000, 94.600) on layer: M1
Net VDD: dangling Wire at (117.400, 80.200) (117.400, 80.200) on layer: M1
Net VDD: dangling Wire at (1.000, 33.400) (1.000, 33.400) on layer: M1
Net VDD: dangling Wire at (1.000, 11.800) (1.000, 11.800) on layer: M1
Net VDD: dangling Wire at (1.000, 1.000) (1.000, 1.000) on layer: M1
Net VDD: dangling Wire at (117.400, 1.000) (117.400, 1.000) on layer: M1
Net VDD: dangling Wire at (5.500, 114.400) (5.500, 114.400) on layer: M4
Net VDD: dangling Wire at (112.500, 114.400) (112.500, 114.400) on layer: M4
Net VSS: dangling Wire at (1.000, 114.400) (1.000, 114.400) on layer: M1
Net VSS: dangling Wire at (117.400, 114.400) (117.400, 114.400) on layer: M1
Net VSS: dangling Wire at (1.000, 110.800) (1.000, 110.800) on layer: M1
Net VSS: dangling Wire at (117.400, 110.800) (117.400, 110.800) on layer: M1
Net VSS: dangling Wire at (1.000, 107.200) (1.000, 107.200) on layer: M1
Net VSS: dangling Wire at (1.000, 60.400) (1.000, 60.400) on layer: M1
Net VSS: dangling Wire at (117.400, 82.000) (117.400, 82.000) on layer: M1
Net VSS: dangling Wire at (117.400, 74.800) (117.400, 74.800) on layer: M1
Net VSS: dangling Wire at (1.000, 31.600) (1.000, 31.600) on layer: M1
Net VSS: dangling Wire at (117.400, 2.800) (117.400, 2.800) on layer: M1
Net VSS: dangling Wire at (1.000, 10.000) (1.000, 10.000) on layer: M1
Net VSS: dangling Wire at (7.500, 1.000) (7.500, 1.000) on layer: M4
Net VSS: dangling Wire at (114.500, 1.000) (114.500, 1.000) on layer: M4

Begin Summary
    25 Problem(s) (IMPVFC-94): The net has dangling wire(s).
    25 total info(s) created.
End Summary
