*----------------------------------------------------------------------------------------
*	Innovus 15.23-s045_1 (64bit) 04/22/2016 12:32 (Linux 2.6.18-194.el5)
*	
*
* 	Date & Time:	2025-Mar-22 08:14:24 (2025-Mar-22 15:14:24 GMT)
*
*----------------------------------------------------------------------------------------
*
*	Design: sram_w16
*
*	Liberty Libraries used: 
*	        BC_VIEW: /home/linux/ieng6/ee260bwi25/b8kang/step3/sram/pnr/route.enc.dat/libs/mmmc/tcbn65gplusbc.lib
*
*	Power Domain used: 
*		Rail:        VDD 	Voltage:        1.1 
*
*       Power View : BC_VIEW
*
*       User-Defined Activity : N.A.
*
*       Activity File: N.A.
*
*       Hierarchical Global Activity: N.A.
*
*       Global Activity: N.A.
*
*       Sequential Element Activity: 0.200000
*
*       Primary Input Activity: 0.200000
*
*       Default icg ratio: N.A.
*
*       Global Comb ClockGate Ratio: N.A.
*
*	Power Units = 1mW
*
*	Time Units = 1e-09 secs 
*
*       report_power -outfile sram_w16.post_route.power.rpt
*
-----------------------------------------------------------------------------------------


Total Power 
-----------------------------------------------------------------------------------------
Total Internal Power:       15.36297454 	   83.2066%
Total Switching Power:       2.79914736 	   15.1603%
Total Leakage Power:         0.30153687 	    1.6331%
Total Power:                18.46365888 
-----------------------------------------------------------------------------------------


Group                           Internal   Switching     Leakage       Total  Percentage 
                                Power      Power         Power         Power  (%)        
-----------------------------------------------------------------------------------------
Sequential                         14.31      0.2532       0.265       14.83       80.29 
Macro                                  0           0           0           0           0 
IO                                     0           0           0           0           0 
Combinational                     0.2925      0.4977     0.03028      0.8205       4.444 
Clock (Combinational)             0.7634       2.048    0.006297       2.818       15.26 
Clock (Sequential)                     0           0           0           0           0 
-----------------------------------------------------------------------------------------
Total                              15.36       2.799      0.3015       18.46         100 
-----------------------------------------------------------------------------------------


Rail                  Voltage   Internal   Switching     Leakage       Total  Percentage 
                                Power      Power         Power         Power  (%)        
-----------------------------------------------------------------------------------------
VDD                       1.1      15.36       2.799      0.3015       18.46         100 


Clock                           Internal   Switching     Leakage       Total  Percentage 
                                Power      Power         Power         Power  (%)        
-----------------------------------------------------------------------------------------
clk                               0.7634       2.048    0.006297       2.818       15.26 
-----------------------------------------------------------------------------------------
Total (excluding duplicates)      0.7634       2.048    0.006297       2.818       15.26 
-----------------------------------------------------------------------------------------


-----------------------------------------------------------------------------------------
*	Power Distribution Summary: 
* 		Highest Average Power:   CTS_ccl_BUF_clk_G0_L1_1 (CKBD16): 	    0.1971 
* 		Highest Leakage Power:   CTS_ccl_BUF_clk_G0_L1_1 (CKBD16): 	 0.0004281 
* 		Total Cap: 	1.06314e-11 F
* 		Total instances in design:  1872
* 		Total instances in design with no power:     0
*          Total instances in design with no activity:     0
* 		Total Fillers and Decap:     0
-----------------------------------------------------------------------------------------

