###############################################################
#  Generated by:      Cadence Innovus 15.23-s045_1
#  OS:                Linux x86_64(Host ID ieng6-ece-16.ucsd.edu)
#  Generated on:      Sun Mar  9 21:31:57 2025
#  Design:            core
#  Command:           verifyGeometry
###############################################################

SHORT: Regular Via of Net mac_array_instance/col_idx_7__mac_col_inst/mac_16in_instance/FE_RN_4779_0 & Blockage of Cell mac_array_instance/col_idx_7__mac_col_inst/mac_16in_instance/FE_RC_11433_0  ( M1 )
Bounds : ( 451.850, 113.710 ) ( 451.950, 113.890 )


SHORT: Regular Via of Net mac_array_instance/col_idx_8__mac_col_inst/mac_16in_instance/n833 & Blockage of Cell mac_array_instance/col_idx_8__mac_col_inst/mac_16in_instance/U566  ( M1 )
Bounds : ( 308.250, 92.070 ) ( 308.350, 92.490 )



Begin Summary ...
  Cells       : 0
  SameNet     : 0
  Wiring      : 0
  Antenna     : 0
  Short       : 2
  Overlap     : 0
End Summary

  Total Violations : 2 Viols.
