###############################################################
#  Generated by:      Cadence Innovus 15.23-s045_1
#  OS:                Linux x86_64(Host ID ieng6-ece-19.ucsd.edu)
#  Generated on:      Sat Mar 22 08:16:12 2025
#  Design:            core
#  Command:           report_timing -max_paths 5 > ${design}.post_route.timing.rpt
###############################################################
Path 1: VIOLATED Hold Check with Pin ofifo_inst/col_idx_1__fifo_instance/q5_reg_
1_/CP 
Endpoint:   ofifo_inst/col_idx_1__fifo_instance/q5_reg_1_/D            (v) 
checked with  leading edge of 'clk'
Beginpoint: mac_array_instance/col_idx_2__mac_col_inst/key_q_reg_32_/Q (v) 
triggered by  leading edge of 'clk'
Path Groups: {clk}
Analysis View: BC_VIEW
Other End Arrival Time          0.428
+ Hold                         -0.017
+ Phase Shift                   0.000
- CPPR Adjustment               0.000
= Required Time                 0.411
  Arrival Time                  0.384
  Slack Time                   -0.027
     Clock Rise Edge                 0.000
     + Clock Network Latency (Prop)  0.087
     = Beginpoint Arrival Time       0.087
     +---------------------------------------------------------------------------------------------------------+ 
     |                      Instance                      |     Arc      |  Cell  | Delay | Arrival | Required | 
     |                                                    |              |        |       |  Time   |   Time   | 
     |----------------------------------------------------+--------------+--------+-------+---------+----------| 
     | mac_array_instance/col_idx_2__mac_col_inst/key_q_r | CP ^         |        |       |   0.087 |    0.114 | 
     | eg_32_                                             |              |        |       |         |          | 
     | mac_array_instance/col_idx_2__mac_col_inst/key_q_r | CP ^ -> Q v  | DFQD4  | 0.069 |   0.156 |    0.183 | 
     | eg_32_                                             |              |        |       |         |          | 
     | mac_array_instance/col_idx_2__mac_col_inst/FE_OCPC | I v -> Z v   | BUFFD4 | 0.023 |   0.179 |    0.206 | 
     | 3454_key_q_32_                                     |              |        |       |         |          | 
     | mac_array_instance/col_idx_2__mac_col_inst/mac_16i | I v -> ZN ^  | INVD8  | 0.013 |   0.193 |    0.220 | 
     | n_instance/FE_OCPC3347_FE_OFN766_key_q_32_         |              |        |       |         |          | 
     | mac_array_instance/col_idx_2__mac_col_inst/mac_16i | B1 ^ -> ZN v | INR2D1 | 0.010 |   0.203 |    0.230 | 
     | n_instance/U1249                                   |              |        |       |         |          | 
     | mac_array_instance/col_idx_2__mac_col_inst/mac_16i | CI v -> S v  | FA1D1  | 0.026 |   0.229 |    0.256 | 
     | n_instance/U1275                                   |              |        |       |         |          | 
     | mac_array_instance/col_idx_2__mac_col_inst/mac_16i | CI v -> CO v | FA1D0  | 0.042 |   0.272 |    0.299 | 
     | n_instance/U1325                                   |              |        |       |         |          | 
     | mac_array_instance/col_idx_2__mac_col_inst/mac_16i | A2 v -> ZN v | XNR2D1 | 0.102 |   0.373 |    0.400 | 
     | n_instance/U1321                                   |              |        |       |         |          | 
     | ofifo_inst/col_idx_1__fifo_instance/q5_reg_1_      | D v          | EDFQD1 | 0.011 |   0.384 |    0.411 | 
     +---------------------------------------------------------------------------------------------------------+ 
Path 2: VIOLATED Hold Check with Pin ofifo_inst/col_idx_1__fifo_instance/q4_reg_
1_/CP 
Endpoint:   ofifo_inst/col_idx_1__fifo_instance/q4_reg_1_/D            (v) 
checked with  leading edge of 'clk'
Beginpoint: mac_array_instance/col_idx_2__mac_col_inst/key_q_reg_32_/Q (v) 
triggered by  leading edge of 'clk'
Path Groups: {clk}
Analysis View: BC_VIEW
Other End Arrival Time          0.428
+ Hold                         -0.017
+ Phase Shift                   0.000
- CPPR Adjustment               0.000
= Required Time                 0.411
  Arrival Time                  0.384
  Slack Time                   -0.027
     Clock Rise Edge                 0.000
     + Clock Network Latency (Prop)  0.087
     = Beginpoint Arrival Time       0.087
     +---------------------------------------------------------------------------------------------------------+ 
     |                      Instance                      |     Arc      |  Cell  | Delay | Arrival | Required | 
     |                                                    |              |        |       |  Time   |   Time   | 
     |----------------------------------------------------+--------------+--------+-------+---------+----------| 
     | mac_array_instance/col_idx_2__mac_col_inst/key_q_r | CP ^         |        |       |   0.087 |    0.114 | 
     | eg_32_                                             |              |        |       |         |          | 
     | mac_array_instance/col_idx_2__mac_col_inst/key_q_r | CP ^ -> Q v  | DFQD4  | 0.069 |   0.156 |    0.183 | 
     | eg_32_                                             |              |        |       |         |          | 
     | mac_array_instance/col_idx_2__mac_col_inst/FE_OCPC | I v -> Z v   | BUFFD4 | 0.023 |   0.179 |    0.206 | 
     | 3454_key_q_32_                                     |              |        |       |         |          | 
     | mac_array_instance/col_idx_2__mac_col_inst/mac_16i | I v -> ZN ^  | INVD8  | 0.013 |   0.193 |    0.220 | 
     | n_instance/FE_OCPC3347_FE_OFN766_key_q_32_         |              |        |       |         |          | 
     | mac_array_instance/col_idx_2__mac_col_inst/mac_16i | B1 ^ -> ZN v | INR2D1 | 0.010 |   0.203 |    0.230 | 
     | n_instance/U1249                                   |              |        |       |         |          | 
     | mac_array_instance/col_idx_2__mac_col_inst/mac_16i | CI v -> S v  | FA1D1  | 0.026 |   0.229 |    0.256 | 
     | n_instance/U1275                                   |              |        |       |         |          | 
     | mac_array_instance/col_idx_2__mac_col_inst/mac_16i | CI v -> CO v | FA1D0  | 0.042 |   0.272 |    0.299 | 
     | n_instance/U1325                                   |              |        |       |         |          | 
     | mac_array_instance/col_idx_2__mac_col_inst/mac_16i | A2 v -> ZN v | XNR2D1 | 0.102 |   0.373 |    0.400 | 
     | n_instance/U1321                                   |              |        |       |         |          | 
     | ofifo_inst/col_idx_1__fifo_instance/q4_reg_1_      | D v          | EDFQD1 | 0.011 |   0.384 |    0.411 | 
     +---------------------------------------------------------------------------------------------------------+ 
Path 3: VIOLATED Hold Check with Pin ofifo_inst/col_idx_1__fifo_instance/q1_reg_
1_/CP 
Endpoint:   ofifo_inst/col_idx_1__fifo_instance/q1_reg_1_/D            (v) 
checked with  leading edge of 'clk'
Beginpoint: mac_array_instance/col_idx_2__mac_col_inst/key_q_reg_32_/Q (v) 
triggered by  leading edge of 'clk'
Path Groups: {clk}
Analysis View: BC_VIEW
Other End Arrival Time          0.428
+ Hold                         -0.017
+ Phase Shift                   0.000
- CPPR Adjustment               0.000
= Required Time                 0.411
  Arrival Time                  0.385
  Slack Time                   -0.026
     Clock Rise Edge                 0.000
     + Clock Network Latency (Prop)  0.087
     = Beginpoint Arrival Time       0.087
     +---------------------------------------------------------------------------------------------------------+ 
     |                      Instance                      |     Arc      |  Cell  | Delay | Arrival | Required | 
     |                                                    |              |        |       |  Time   |   Time   | 
     |----------------------------------------------------+--------------+--------+-------+---------+----------| 
     | mac_array_instance/col_idx_2__mac_col_inst/key_q_r | CP ^         |        |       |   0.087 |    0.113 | 
     | eg_32_                                             |              |        |       |         |          | 
     | mac_array_instance/col_idx_2__mac_col_inst/key_q_r | CP ^ -> Q v  | DFQD4  | 0.069 |   0.156 |    0.182 | 
     | eg_32_                                             |              |        |       |         |          | 
     | mac_array_instance/col_idx_2__mac_col_inst/FE_OCPC | I v -> Z v   | BUFFD4 | 0.023 |   0.179 |    0.206 | 
     | 3454_key_q_32_                                     |              |        |       |         |          | 
     | mac_array_instance/col_idx_2__mac_col_inst/mac_16i | I v -> ZN ^  | INVD8  | 0.013 |   0.193 |    0.219 | 
     | n_instance/FE_OCPC3347_FE_OFN766_key_q_32_         |              |        |       |         |          | 
     | mac_array_instance/col_idx_2__mac_col_inst/mac_16i | B1 ^ -> ZN v | INR2D1 | 0.010 |   0.203 |    0.229 | 
     | n_instance/U1249                                   |              |        |       |         |          | 
     | mac_array_instance/col_idx_2__mac_col_inst/mac_16i | CI v -> S v  | FA1D1  | 0.026 |   0.229 |    0.256 | 
     | n_instance/U1275                                   |              |        |       |         |          | 
     | mac_array_instance/col_idx_2__mac_col_inst/mac_16i | CI v -> CO v | FA1D0  | 0.042 |   0.272 |    0.298 | 
     | n_instance/U1325                                   |              |        |       |         |          | 
     | mac_array_instance/col_idx_2__mac_col_inst/mac_16i | A2 v -> ZN v | XNR2D1 | 0.102 |   0.373 |    0.399 | 
     | n_instance/U1321                                   |              |        |       |         |          | 
     | ofifo_inst/col_idx_1__fifo_instance/q1_reg_1_      | D v          | EDFQD1 | 0.011 |   0.385 |    0.411 | 
     +---------------------------------------------------------------------------------------------------------+ 
Path 4: VIOLATED Hold Check with Pin ofifo_inst/col_idx_1__fifo_instance/q0_reg_
1_/CP 
Endpoint:   ofifo_inst/col_idx_1__fifo_instance/q0_reg_1_/D            (v) 
checked with  leading edge of 'clk'
Beginpoint: mac_array_instance/col_idx_2__mac_col_inst/key_q_reg_32_/Q (v) 
triggered by  leading edge of 'clk'
Path Groups: {clk}
Analysis View: BC_VIEW
Other End Arrival Time          0.428
+ Hold                         -0.017
+ Phase Shift                   0.000
- CPPR Adjustment               0.000
= Required Time                 0.411
  Arrival Time                  0.385
  Slack Time                   -0.026
     Clock Rise Edge                 0.000
     + Clock Network Latency (Prop)  0.087
     = Beginpoint Arrival Time       0.087
     +---------------------------------------------------------------------------------------------------------+ 
     |                      Instance                      |     Arc      |  Cell  | Delay | Arrival | Required | 
     |                                                    |              |        |       |  Time   |   Time   | 
     |----------------------------------------------------+--------------+--------+-------+---------+----------| 
     | mac_array_instance/col_idx_2__mac_col_inst/key_q_r | CP ^         |        |       |   0.087 |    0.113 | 
     | eg_32_                                             |              |        |       |         |          | 
     | mac_array_instance/col_idx_2__mac_col_inst/key_q_r | CP ^ -> Q v  | DFQD4  | 0.069 |   0.156 |    0.182 | 
     | eg_32_                                             |              |        |       |         |          | 
     | mac_array_instance/col_idx_2__mac_col_inst/FE_OCPC | I v -> Z v   | BUFFD4 | 0.023 |   0.179 |    0.206 | 
     | 3454_key_q_32_                                     |              |        |       |         |          | 
     | mac_array_instance/col_idx_2__mac_col_inst/mac_16i | I v -> ZN ^  | INVD8  | 0.013 |   0.193 |    0.219 | 
     | n_instance/FE_OCPC3347_FE_OFN766_key_q_32_         |              |        |       |         |          | 
     | mac_array_instance/col_idx_2__mac_col_inst/mac_16i | B1 ^ -> ZN v | INR2D1 | 0.010 |   0.203 |    0.229 | 
     | n_instance/U1249                                   |              |        |       |         |          | 
     | mac_array_instance/col_idx_2__mac_col_inst/mac_16i | CI v -> S v  | FA1D1  | 0.026 |   0.229 |    0.256 | 
     | n_instance/U1275                                   |              |        |       |         |          | 
     | mac_array_instance/col_idx_2__mac_col_inst/mac_16i | CI v -> CO v | FA1D0  | 0.042 |   0.272 |    0.298 | 
     | n_instance/U1325                                   |              |        |       |         |          | 
     | mac_array_instance/col_idx_2__mac_col_inst/mac_16i | A2 v -> ZN v | XNR2D1 | 0.102 |   0.373 |    0.399 | 
     | n_instance/U1321                                   |              |        |       |         |          | 
     | ofifo_inst/col_idx_1__fifo_instance/q0_reg_1_      | D v          | EDFQD1 | 0.011 |   0.385 |    0.411 | 
     +---------------------------------------------------------------------------------------------------------+ 
Path 5: VIOLATED Hold Check with Pin ofifo_inst/col_idx_1__fifo_instance/q4_reg_
0_/CP 
Endpoint:   ofifo_inst/col_idx_1__fifo_instance/q4_reg_0_/D            (v) 
checked with  leading edge of 'clk'
Beginpoint: mac_array_instance/col_idx_2__mac_col_inst/key_q_reg_32_/Q (v) 
triggered by  leading edge of 'clk'
Path Groups: {clk}
Analysis View: BC_VIEW
Other End Arrival Time          0.428
+ Hold                         -0.020
+ Phase Shift                   0.000
- CPPR Adjustment               0.000
= Required Time                 0.408
  Arrival Time                  0.392
  Slack Time                   -0.016
     Clock Rise Edge                 0.000
     + Clock Network Latency (Prop)  0.087
     = Beginpoint Arrival Time       0.087
     +---------------------------------------------------------------------------------------------------------+ 
     |                      Instance                      |     Arc      |  Cell  | Delay | Arrival | Required | 
     |                                                    |              |        |       |  Time   |   Time   | 
     |----------------------------------------------------+--------------+--------+-------+---------+----------| 
     | mac_array_instance/col_idx_2__mac_col_inst/key_q_r | CP ^         |        |       |   0.087 |    0.103 | 
     | eg_32_                                             |              |        |       |         |          | 
     | mac_array_instance/col_idx_2__mac_col_inst/key_q_r | CP ^ -> Q v  | DFQD4  | 0.069 |   0.156 |    0.172 | 
     | eg_32_                                             |              |        |       |         |          | 
     | mac_array_instance/col_idx_2__mac_col_inst/FE_OCPC | I v -> Z v   | BUFFD4 | 0.023 |   0.179 |    0.195 | 
     | 3454_key_q_32_                                     |              |        |       |         |          | 
     | mac_array_instance/col_idx_2__mac_col_inst/mac_16i | I v -> ZN ^  | INVD8  | 0.013 |   0.193 |    0.209 | 
     | n_instance/FE_OCPC3347_FE_OFN766_key_q_32_         |              |        |       |         |          | 
     | mac_array_instance/col_idx_2__mac_col_inst/mac_16i | B1 ^ -> ZN v | INR2D1 | 0.010 |   0.203 |    0.219 | 
     | n_instance/U1249                                   |              |        |       |         |          | 
     | mac_array_instance/col_idx_2__mac_col_inst/mac_16i | CI v -> S v  | FA1D1  | 0.026 |   0.229 |    0.245 | 
     | n_instance/U1275                                   |              |        |       |         |          | 
     | mac_array_instance/col_idx_2__mac_col_inst/mac_16i | CI v -> S v  | FA1D0  | 0.037 |   0.266 |    0.282 | 
     | n_instance/U1325                                   |              |        |       |         |          | 
     | FE_OFC163_array_out_20_                            | I v -> ZN ^  | CKND0  | 0.018 |   0.284 |    0.300 | 
     | FE_OFC164_array_out_20_                            | I ^ -> ZN v  | CKND1  | 0.097 |   0.382 |    0.398 | 
     | ofifo_inst/col_idx_1__fifo_instance/q4_reg_0_      | D v          | EDFQD1 | 0.011 |   0.392 |    0.408 | 
     +---------------------------------------------------------------------------------------------------------+ 

